#
# A fatal error has been detected by the Java Runtime Environment:
#
#  SIGBUS (0xa) at pc=0x000000010cc014e4, pid=26823, tid=40451
#
# JRE version: OpenJDK Runtime Environment Corretto-17.0.8.7.1 (17.0.8+7) (build 17.0.8+7-LTS)
# Java VM: OpenJDK 64-Bit Server VM Corretto-17.0.8.7.1 (17.0.8+7-LTS, mixed mode, emulated-client, sharing, tiered, compressed oops, compressed class ptrs, g1 gc, bsd-aarch64)
# Problematic frame:
# v  ~StubRoutines::SafeFetch32
#
# No core dump will be written. Core dumps have been disabled. To enable core dumping, try "ulimit -c unlimited" before starting Java again
#
# JFR recording file will be written. Location: /Users/hburaks/Desktop/Dev/repos/rent-a-car/hs_err_pid26823.jfr
#
# If you would like to submit a bug report, please visit:
#   https://github.com/corretto/corretto-17/issues/
# The crash happened outside the Java Virtual Machine in native code.
# See problematic frame for where to report the bug.
#

---------------  S U M M A R Y ------------

Command Line: -XX:TieredStopAtLevel=1 -Dspring.output.ansi.enabled=always -Dcom.sun.management.jmxremote -Dspring.jmx.enabled=true -Dspring.liveBeansView.mbeanDomain -Dspring.application.admin.enabled=true -Dmanagement.endpoints.jmx.exposure.include=* -javaagent:/Applications/IntelliJ IDEA.app/Contents/lib/idea_rt.jar=50678:/Applications/IntelliJ IDEA.app/Contents/bin -agentpath:/private/var/folders/9h/tz4vxb3s5v92p1j9wvvyx3mw0000gn/T/libasyncProfiler.dylib=start,jfr,event=wall,interval=10ms,jfrsync=profile,cstack=no,file=/Users/hburaks/IdeaSnapshots/RentACarBackendApplication_2023_08_20_020358.jfr,log=/private/var/folders/9h/tz4vxb3s5v92p1j9wvvyx3mw0000gn/T/RentACarBackendApplication_2023_08_20_020358.jfr.log.txt,logLevel=DEBUG -Dfile.encoding=UTF-8 com.gelecegimall.rentacarbackend.RentACarBackendApplication

Host: "Mac14,7" arm64, 8 cores, 8G, Darwin 21.6.0, macOS 12.5.1 (21G83)
Time: Sun Aug 20 02:04:00 2023 +03 elapsed time: 1.643211 seconds (0d 0h 0m 1s)

---------------  T H R E A D  ---------------

Current thread (0x000000013b03e800):  JavaThread "Monitor Ctrl-Break" daemon [_thread_in_native, id=40451, stack(0x000000016f224000,0x000000016f427000)]

Stack: [0x000000016f224000,0x000000016f427000],  sp=0x000000016f424dc0,  free space=2051k
Native frames: (J=compiled Java code, j=interpreted, Vv=VM code, C=native code)
v  ~StubRoutines::SafeFetch32
V  [libjvm.dylib+0x7c8890]  _ZN2os17is_readable_rangeEPKvS1_+0x2c
V  [libjvm.dylib+0x77531c]  _ZN6Method15is_valid_methodEPKS_+0x38
V  [libjvm.dylib+0x35fbb8]  _ZL31forte_fill_call_trace_given_topP10JavaThreadP15ASGCT_CallTracei5frame+0x1e0
V  [libjvm.dylib+0x35f9bc]  AsyncGetCallTrace+0x1d4
C  [libasyncProfiler.dylib+0x3e4b0]  _ZN8Profiler17getJavaTraceAsyncEPvP15ASGCT_CallFrameiP12StackContext+0x15c
C  [libasyncProfiler.dylib+0x3f5c8]  _ZN8Profiler21recordSampleForThreadEiPvy9EventTypeP5EventPi+0x15c
C  [libasyncProfiler.dylib+0x4e164]  _ZN9WallClock13signalHandlerEiP9__siginfoPv+0xa8
C  [libsystem_platform.dylib+0x44a4]  _sigtramp+0x38
C  [libnio.dylib+0x70d0]  Java_sun_nio_ch_SocketDispatcher_read0+0x30
j  sun.nio.ch.SocketDispatcher.read0(Ljava/io/FileDescriptor;JI)I+0 java.base@17.0.8
j  sun.nio.ch.SocketDispatcher.read(Ljava/io/FileDescriptor;JI)I+4 java.base@17.0.8
j  sun.nio.ch.NioSocketImpl.tryRead(Ljava/io/FileDescriptor;[BII)I+45 java.base@17.0.8
j  sun.nio.ch.NioSocketImpl.implRead([BII)I+99 java.base@17.0.8
j  sun.nio.ch.NioSocketImpl.read([BII)I+54 java.base@17.0.8
j  sun.nio.ch.NioSocketImpl$1.read([BII)I+7 java.base@17.0.8
j  java.net.Socket$SocketInputStream.read([BII)I+7 java.base@17.0.8
j  sun.nio.cs.StreamDecoder.readBytes()I+117 java.base@17.0.8
j  sun.nio.cs.StreamDecoder.implRead([CII)I+112 java.base@17.0.8
j  sun.nio.cs.StreamDecoder.read([CII)I+180 java.base@17.0.8
j  java.io.InputStreamReader.read([CII)I+7 java.base@17.0.8
j  java.io.BufferedReader.fill()V+145 java.base@17.0.8
j  java.io.BufferedReader.readLine(Z[Z)Ljava/lang/String;+52 java.base@17.0.8
j  java.io.BufferedReader.readLine()Ljava/lang/String;+3 java.base@17.0.8
j  com.intellij.rt.execution.application.AppMainV2$1.run()V+36
v  ~StubRoutines::call_stub
V  [libjvm.dylib+0x473abc]  _ZN9JavaCalls11call_helperEP9JavaValueRK12methodHandleP17JavaCallArgumentsP10JavaThread+0x390
V  [libjvm.dylib+0x472b28]  _ZN9JavaCalls12call_virtualEP9JavaValueP5KlassP6SymbolS5_P17JavaCallArgumentsP10JavaThread+0xf8
V  [libjvm.dylib+0x472bf0]  _ZN9JavaCalls12call_virtualEP9JavaValue6HandleP5KlassP6SymbolS6_P10JavaThread+0x64
V  [libjvm.dylib+0x52a728]  _ZL12thread_entryP10JavaThreadS0_+0xc4
V  [libjvm.dylib+0x9af470]  _ZN10JavaThread17thread_main_innerEv+0x14c
V  [libjvm.dylib+0x9adae8]  _ZN6Thread8call_runEv+0xe0
V  [libjvm.dylib+0x7cb8ac]  _ZL19thread_native_entryP6Thread+0x158
C  [libsystem_pthread.dylib+0x726c]  _pthread_start+0x94

Java frames: (J=compiled Java code, j=interpreted, Vv=VM code)
j  sun.nio.ch.SocketDispatcher.read0(Ljava/io/FileDescriptor;JI)I+0 java.base@17.0.8
j  sun.nio.ch.SocketDispatcher.read(Ljava/io/FileDescriptor;JI)I+4 java.base@17.0.8
j  sun.nio.ch.NioSocketImpl.tryRead(Ljava/io/FileDescriptor;[BII)I+45 java.base@17.0.8
j  sun.nio.ch.NioSocketImpl.implRead([BII)I+99 java.base@17.0.8
j  sun.nio.ch.NioSocketImpl.read([BII)I+54 java.base@17.0.8
j  sun.nio.ch.NioSocketImpl$1.read([BII)I+7 java.base@17.0.8
j  java.net.Socket$SocketInputStream.read([BII)I+7 java.base@17.0.8
j  sun.nio.cs.StreamDecoder.readBytes()I+117 java.base@17.0.8
j  sun.nio.cs.StreamDecoder.implRead([CII)I+112 java.base@17.0.8
j  sun.nio.cs.StreamDecoder.read([CII)I+180 java.base@17.0.8
j  java.io.InputStreamReader.read([CII)I+7 java.base@17.0.8
j  java.io.BufferedReader.fill()V+145 java.base@17.0.8
j  java.io.BufferedReader.readLine(Z[Z)Ljava/lang/String;+52 java.base@17.0.8
j  java.io.BufferedReader.readLine()Ljava/lang/String;+3 java.base@17.0.8
j  com.intellij.rt.execution.application.AppMainV2$1.run()V+36
v  ~StubRoutines::call_stub

siginfo: si_signo: 10 (SIGBUS), si_code: 1 (BUS_ADRALN), si_addr: 0x000000010cc014e4

Register to memory mapping:

 x0=0x000000012b074000 is pointing into metadata
 x1=0x00000000cafebabe is an unknown value
 x2=0x0 is NULL
 x3=0x0 is NULL
 x4=0x000000016f425c20 is pointing into the stack for thread: 0x000000013b03e800
 x5=0x000000016f425c20 is pointing into the stack for thread: 0x000000013b03e800
 x6=0x0000000104c12000: temp_path_storage+0x140 in /Users/hburaks/Library/Java/JavaVirtualMachines/corretto-17.0.8/Contents/Home/lib/server/libjvm.dylib at 0x0000000103fa4000
 x7=0x0000000000000054 is an unknown value
 x8=0x000000010cc014e0 is at begin+0 in a stub
StubRoutines::SafeFetch32 [0x000000010cc014e0, 0x000000010cc014ec] (12 bytes)
 x9=0x0000000000000450 is an unknown value
x10=0x000000010cc05600 is pointing into interpreter code (not bytecode specific)
x11=0x00000000000000ab is an unknown value
x12=0x00000000000000ab is an unknown value
x13=0x0 is NULL
x14=0x00000000bf61e800 is an unknown value
x15=0x000000000000003d is an unknown value
x16=0x00000001aa82f0fc: pthread_getspecific+0 in /usr/lib/system/libsystem_pthread.dylib at 0x00000001aa82d000
x17=0x0000600001b79570 points into unknown readable memory: 0xfffffffffffffffe | fe ff ff ff ff ff ff ff
x18=0x0 is NULL
x19=0x000000012b074000 is pointing into metadata
x20=0x000000013b03e800 is a thread
x21=0x0000000000000001 is an unknown value
x22={method} {0x000000012b074ca0} 'read0' '(Ljava/io/FileDescriptor;JI)I' in 'sun/nio/ch/SocketDispatcher'
x23=0x0000000104c13a40: _ZN12StubRoutines18_safefetch32_entryE+0 in /Users/hburaks/Library/Java/JavaVirtualMachines/corretto-17.0.8/Contents/Home/lib/server/libjvm.dylib at 0x0000000103fa4000
x24=0x00000000cafebabe is an unknown value
x25=0x000000013b03eab0 points into unknown readable memory: 0x0000000104bd69f0 | f0 69 bd 04 01 00 00 00
x26=0x000000016f4259a0 is pointing into the stack for thread: 0x000000013b03e800
x27=0x00000001100143d8 points into unknown readable memory: 0x0000000000000106 | 06 01 00 00 00 00 00 00
x28=0x00000001aa7f7630: read+0x4 in /usr/lib/system/libsystem_kernel.dylib at 0x00000001aa7f5000


Registers:
 x0=0x000000012b074000  x1=0x00000000cafebabe  x2=0x0000000000000000  x3=0x0000000000000000
 x4=0x000000016f425c20  x5=0x000000016f425c20  x6=0x0000000104c12000  x7=0x0000000000000054
 x8=0x000000010cc014e0  x9=0x0000000000000450 x10=0x000000010cc05600 x11=0x00000000000000ab
x12=0x00000000000000ab x13=0x0000000000000000 x14=0x00000000bf61e800 x15=0x000000000000003d
x16=0x00000001aa82f0fc x17=0x0000600001b79570 x18=0x0000000000000000 x19=0x000000012b074000
x20=0x000000013b03e800 x21=0x0000000000000001 x22=0x000000012b074ca0 x23=0x0000000104c13a40
x24=0x00000000cafebabe x25=0x000000013b03eab0 x26=0x000000016f4259a0 x27=0x00000001100143d8
x28=0x00000001aa7f7630  fp=0x000000016f424df0  lr=0x000000010476c290  sp=0x000000016f424dc0
pc=0x000000010cc014e4 cpsr=0x0000000060001000
Top of Stack: (sp=0x000000016f424dc0)
0x000000016f424dc0:   000000013b03e800 00000000000007ff
0x000000016f424dd0:   000000012b074ca0 000000013b03e800
0x000000016f424de0:   000000012b074000 000000012b074cf8
0x000000016f424df0:   000000016f424e10 000000010476c890
0x000000016f424e00:   0000000000000800 000000012b074ca0
0x000000016f424e10:   000000016f424e30 000000010471931c
0x000000016f424e20:   0000000000000800 000000016f425b80
0x000000016f424e30:   000000016f425aa0 0000000104303bb8
0x000000016f424e40:   000000000000000a 0000000102c4b1e0
0x000000016f424e50:   0000000000000070 0000000000000000
0x000000016f424e60:   0000000000000000 0000000102f34e61
0x000000016f424e70:   0000000102e20000 0000000000000000
0x000000016f424e80:   000000016f424ef0 ed23000102edf3dc
0x000000016f424e90:   0000000102c48060 000000016f424f60
0x000000016f424ea0:   00000002058963c0 000000016f4257a0
0x000000016f424eb0:   000000016f4257d0 0000000102c4b1e0
0x000000016f424ec0:   00000002058963c0 000000016f4257a0
0x000000016f424ed0:   0000600002433450 0000000102f34e59
0x000000016f424ee0:   000000000000005d 0000600000fa1600
0x000000016f424ef0:   a9e60e62db840005 0000000102e20000
0x000000016f424f00:   00000002058961e0 000000016f4257a0
0x000000016f424f10:   000000016f4257d0 0000000102c4b0f0
0x000000016f424f20:   00000002058961e0 000000016f4257a0
0x000000016f424f30:   0000600002433450 0000000102c48060
0x000000016f424f40:   000000016f4258a8 000000016f4257d0
0x000000016f424f50:   000000016f425980 4549000102f02e4c
0x000000016f424f60:   0000000102c4b0f0 0000000102c4ab90
0x000000016f424f70:   0000000264c31480 0000000264c313b8
0x000000016f424f80:   0000000264c264f0 0000000264c26418
0x000000016f424f90:   0000000264c26708 0000000264c265f8
0x000000016f424fa0:   0000000264c25d20 0000000264c30ee0
0x000000016f424fb0:   0000000264c26130 0000000264c30890 

Instructions: (pc=0x000000010cc014e4)
0x000000010cc013e4:   1e614000 1400003a d2923809 f2a097c9
0x000000010cc013f4:   f2c00029 6d425935 1e640886 0c402d31
0x000000010cc01404:   1e6408c7 1f5654d0 1e6c1017 1f5050d0
0x000000010cc01414:   1f504cd0 1f5048d0 1e650af6 1f50d8f6
0x000000010cc01424:   1f5694d6 1f5158f6 1e762880 36000501
0x000000010cc01434:   1e614000 14000026 2e251ca5 d2924009
0x000000010cc01444:   f2a097c9 f2c00029 6d425d36 1e600806
0x000000010cc01454:   0c402d32 1f5758c7 1e6c101a 1f4754c7
0x000000010cc01464:   1e650805 1f4750c7 d2866668 f2a7fa68
0x000000010cc01474:   1f474cc7 1e6608c0 1f4748c7 1e6e1019
0x000000010cc01484:   eb08007f 540000ac 1f479400 1f460340
0x000000010cc01494:   1e603b20 1400000e d2a7fd29 eb09007f
0x000000010cc014a4:   540000ac 51480069 d3607d29 9e670121
0x000000010cc014b4:   14000002 1e6a5001 1f679417 1f668742
0x000000010cc014c4:   1e613b23 1e773857 1e773860 a8c17ff3
0x000000010cc014d4:   910003bf a8c17bfd d65f03c0 b9400001
0x000000010cc014e4:   aa0103e0 d65f03c0 f9400001 aa0103e0
0x000000010cc014f4:   d65f03c0 00000000 00000000 00000000
0x000000010cc01504:   00000000 00000000 00000000 00000000
0x000000010cc01514:   00000000 00000000 00000000 00000000
0x000000010cc01524:   00000000 00000000 00000000 00000000
0x000000010cc01534:   00000000 00000000 00000000 00000000
0x000000010cc01544:   00000000 00000000 00000000 00000000
0x000000010cc01554:   00000000 00000000 00000000 00000000
0x000000010cc01564:   00000000 00000000 00000000 00000000
0x000000010cc01574:   00000000 00000000 00000000 00000000
0x000000010cc01584:   00000000 00000000 00000000 00000000
0x000000010cc01594:   00000000 00000000 00000000 00000000
0x000000010cc015a4:   00000000 00000000 00000000 00000000
0x000000010cc015b4:   00000000 00000000 00000000 00000000
0x000000010cc015c4:   00000000 00000000 00000000 00000000
0x000000010cc015d4:   00000000 00000000 00000000 00000000 


Stack slot to memory mapping:
stack at sp + 0 slots: 0x000000013b03e800 is a thread
stack at sp + 1 slots: 0x00000000000007ff is an unknown value
stack at sp + 2 slots: {method} {0x000000012b074ca0} 'read0' '(Ljava/io/FileDescriptor;JI)I' in 'sun/nio/ch/SocketDispatcher'
stack at sp + 3 slots: 0x000000013b03e800 is a thread
stack at sp + 4 slots: 0x000000012b074000 is pointing into metadata
stack at sp + 5 slots: 0x000000012b074cf8 is pointing into metadata
stack at sp + 6 slots: 0x000000016f424e10 is pointing into the stack for thread: 0x000000013b03e800
stack at sp + 7 slots: 0x000000010476c890: _ZN2os17is_readable_rangeEPKvS1_+0x2c in /Users/hburaks/Library/Java/JavaVirtualMachines/corretto-17.0.8/Contents/Home/lib/server/libjvm.dylib at 0x0000000103fa4000

StubRoutines::SafeFetch32 [0x000000010cc014e0, 0x000000010cc014ec] (12 bytes)
[MachCode]
  0x000000010cc014e0: 0100 40b9 | e003 01aa | c003 5fd6 
[/MachCode]

---------------  P R O C E S S  ---------------

Threads class SMR info:
_java_thread_list=0x00006000033f8c20, length=14, elements={
0x000000013a80c200, 0x000000013ab62e00, 0x000000013aafd600, 0x000000011a898400,
0x000000013d076200, 0x000000013d06ae00, 0x000000013d090e00, 0x000000013b00f000,
0x000000013b013000, 0x000000013b03e800, 0x000000013b1dbc00, 0x000000011901a200,
0x000000013d093600, 0x000000013c831400
}

Java Threads: ( => current thread )
  0x000000013a80c200 JavaThread "main" [_thread_in_native, id=9731, stack(0x000000016d258000,0x000000016d45b000)]
  0x000000013ab62e00 JavaThread "Reference Handler" daemon [_thread_blocked, id=15875, stack(0x000000016e0ac000,0x000000016e2af000)]
  0x000000013aafd600 JavaThread "Finalizer" daemon [_thread_blocked, id=16899, stack(0x000000016e2b8000,0x000000016e4bb000)]
  0x000000011a898400 JavaThread "Signal Dispatcher" daemon [_thread_blocked, id=42243, stack(0x000000016e5dc000,0x000000016e7df000)]
  0x000000013d076200 JavaThread "Service Thread" daemon [_thread_blocked, id=22787, stack(0x000000016e7e8000,0x000000016e9eb000)]
  0x000000013d06ae00 JavaThread "Monitor Deflation Thread" daemon [_thread_blocked, id=23299, stack(0x000000016e9f4000,0x000000016ebf7000)]
  0x000000013d090e00 JavaThread "C1 CompilerThread0" daemon [_thread_blocked, id=23811, stack(0x000000016ec00000,0x000000016ee03000)]
  0x000000013b00f000 JavaThread "Sweeper thread" daemon [_thread_blocked, id=41475, stack(0x000000016ee0c000,0x000000016f00f000)]
  0x000000013b013000 JavaThread "Common-Cleaner" daemon [_thread_blocked, id=40963, stack(0x000000016f018000,0x000000016f21b000)]
=>0x000000013b03e800 JavaThread "Monitor Ctrl-Break" daemon [_thread_in_native, id=40451, stack(0x000000016f224000,0x000000016f427000)]
  0x000000013b1dbc00 JavaThread "JFR Recorder Thread" daemon [_thread_blocked, id=40195, stack(0x000000016f430000,0x000000016f633000)]
  0x000000011901a200 JavaThread "JFR Periodic Tasks" daemon [_thread_blocked, id=39683, stack(0x000000016f63c000,0x000000016f83f000)]
  0x000000013d093600 JavaThread "Async-profiler Timer" daemon [_thread_in_native, id=38915, stack(0x000000016f8d4000,0x000000016fad7000)]
  0x000000013c831400 JavaThread "Notification Thread" daemon [_thread_blocked, id=24579, stack(0x000000016fae0000,0x000000016fce3000)]

Other Threads:
  0x0000000118c048f0 VMThread "VM Thread" [stack: 0x000000016dea0000,0x000000016e0a3000] [id=15363]
  0x000000012a63fff0 GCTaskThread "GC Thread#0" [stack: 0x000000016d464000,0x000000016d667000] [id=19715]
  0x000000013a704560 ConcurrentGCThread "G1 Main Marker" [stack: 0x000000016d670000,0x000000016d873000] [id=12291]
  0x0000000118c04080 ConcurrentGCThread "G1 Conc#0" [stack: 0x000000016d87c000,0x000000016da7f000] [id=13315]
  0x000000010cb262e0 ConcurrentGCThread "G1 Refine#0" [stack: 0x000000016da88000,0x000000016dc8b000] [id=19203]
  0x000000010cb26b80 ConcurrentGCThread "G1 Service" [stack: 0x000000016dc94000,0x000000016de97000] [id=14083]

Threads with active compile tasks:

VM state: not at safepoint (normal execution)

VM Mutex/Monitor currently owned by a thread: None

Heap address: 0x0000000780000000, size: 2048 MB, Compressed Oops mode: Zero based, Oop shift amount: 3

CDS archive(s) mapped at: [0x000000b800000000-0x000000b800be0000-0x000000b800be0000), size 12451840, SharedBaseAddress: 0x000000b800000000, ArchiveRelocationMode: 1.
Compressed class space mapped at: 0x000000b801000000-0x000000b841000000, reserved size: 1073741824
Narrow klass base: 0x000000b800000000, Narrow klass shift: 0, Narrow klass range: 0x100000000

GC Precious Log:
 CPUs: 8 total, 8 available
 Memory: 8192M
 Large Page Support: Disabled
 NUMA Support: Disabled
 Compressed Oops: Enabled (Zero based)
 Heap Region Size: 1M
 Heap Min Capacity: 8M
 Heap Initial Capacity: 128M
 Heap Max Capacity: 2G
 Pre-touch: Disabled
 Parallel Workers: 8
 Concurrent Workers: 2
 Concurrent Refinement Workers: 8
 Periodic GC: Disabled

Heap:
 garbage-first heap   total 133120K, used 24544K [0x0000000780000000, 0x0000000800000000)
  region size 1024K, 23 young (23552K), 0 survivors (0K)
 Metaspace       used 3098K, committed 3264K, reserved 1114112K
  class space    used 382K, committed 448K, reserved 1048576K

Heap Regions: E=young(eden), S=young(survivor), O=old, HS=humongous(starts), HC=humongous(continues), CS=collection set, F=free, OA=open archive, CA=closed archive, TAMS=top-at-mark-start (previous, next)
|   0|0x0000000780000000, 0x0000000780100000, 0x0000000780100000|100%|HS|  |TAMS 0x0000000780000000, 0x0000000780000000| Complete 
|   1|0x0000000780100000, 0x0000000780100000, 0x0000000780200000|  0%| F|  |TAMS 0x0000000780100000, 0x0000000780100000| Untracked 
|   2|0x0000000780200000, 0x0000000780200000, 0x0000000780300000|  0%| F|  |TAMS 0x0000000780200000, 0x0000000780200000| Untracked 
|   3|0x0000000780300000, 0x0000000780300000, 0x0000000780400000|  0%| F|  |TAMS 0x0000000780300000, 0x0000000780300000| Untracked 
|   4|0x0000000780400000, 0x0000000780400000, 0x0000000780500000|  0%| F|  |TAMS 0x0000000780400000, 0x0000000780400000| Untracked 
|   5|0x0000000780500000, 0x0000000780500000, 0x0000000780600000|  0%| F|  |TAMS 0x0000000780500000, 0x0000000780500000| Untracked 
|   6|0x0000000780600000, 0x0000000780600000, 0x0000000780700000|  0%| F|  |TAMS 0x0000000780600000, 0x0000000780600000| Untracked 
|   7|0x0000000780700000, 0x0000000780700000, 0x0000000780800000|  0%| F|  |TAMS 0x0000000780700000, 0x0000000780700000| Untracked 
|   8|0x0000000780800000, 0x0000000780800000, 0x0000000780900000|  0%| F|  |TAMS 0x0000000780800000, 0x0000000780800000| Untracked 
|   9|0x0000000780900000, 0x0000000780900000, 0x0000000780a00000|  0%| F|  |TAMS 0x0000000780900000, 0x0000000780900000| Untracked 
|  10|0x0000000780a00000, 0x0000000780a00000, 0x0000000780b00000|  0%| F|  |TAMS 0x0000000780a00000, 0x0000000780a00000| Untracked 
|  11|0x0000000780b00000, 0x0000000780b00000, 0x0000000780c00000|  0%| F|  |TAMS 0x0000000780b00000, 0x0000000780b00000| Untracked 
|  12|0x0000000780c00000, 0x0000000780c00000, 0x0000000780d00000|  0%| F|  |TAMS 0x0000000780c00000, 0x0000000780c00000| Untracked 
|  13|0x0000000780d00000, 0x0000000780d00000, 0x0000000780e00000|  0%| F|  |TAMS 0x0000000780d00000, 0x0000000780d00000| Untracked 
|  14|0x0000000780e00000, 0x0000000780e00000, 0x0000000780f00000|  0%| F|  |TAMS 0x0000000780e00000, 0x0000000780e00000| Untracked 
|  15|0x0000000780f00000, 0x0000000780f00000, 0x0000000781000000|  0%| F|  |TAMS 0x0000000780f00000, 0x0000000780f00000| Untracked 
|  16|0x0000000781000000, 0x0000000781000000, 0x0000000781100000|  0%| F|  |TAMS 0x0000000781000000, 0x0000000781000000| Untracked 
|  17|0x0000000781100000, 0x0000000781100000, 0x0000000781200000|  0%| F|  |TAMS 0x0000000781100000, 0x0000000781100000| Untracked 
|  18|0x0000000781200000, 0x0000000781200000, 0x0000000781300000|  0%| F|  |TAMS 0x0000000781200000, 0x0000000781200000| Untracked 
|  19|0x0000000781300000, 0x0000000781300000, 0x0000000781400000|  0%| F|  |TAMS 0x0000000781300000, 0x0000000781300000| Untracked 
|  20|0x0000000781400000, 0x0000000781400000, 0x0000000781500000|  0%| F|  |TAMS 0x0000000781400000, 0x0000000781400000| Untracked 
|  21|0x0000000781500000, 0x0000000781500000, 0x0000000781600000|  0%| F|  |TAMS 0x0000000781500000, 0x0000000781500000| Untracked 
|  22|0x0000000781600000, 0x0000000781600000, 0x0000000781700000|  0%| F|  |TAMS 0x0000000781600000, 0x0000000781600000| Untracked 
|  23|0x0000000781700000, 0x0000000781700000, 0x0000000781800000|  0%| F|  |TAMS 0x0000000781700000, 0x0000000781700000| Untracked 
|  24|0x0000000781800000, 0x0000000781800000, 0x0000000781900000|  0%| F|  |TAMS 0x0000000781800000, 0x0000000781800000| Untracked 
|  25|0x0000000781900000, 0x0000000781900000, 0x0000000781a00000|  0%| F|  |TAMS 0x0000000781900000, 0x0000000781900000| Untracked 
|  26|0x0000000781a00000, 0x0000000781a00000, 0x0000000781b00000|  0%| F|  |TAMS 0x0000000781a00000, 0x0000000781a00000| Untracked 
|  27|0x0000000781b00000, 0x0000000781b00000, 0x0000000781c00000|  0%| F|  |TAMS 0x0000000781b00000, 0x0000000781b00000| Untracked 
|  28|0x0000000781c00000, 0x0000000781c00000, 0x0000000781d00000|  0%| F|  |TAMS 0x0000000781c00000, 0x0000000781c00000| Untracked 
|  29|0x0000000781d00000, 0x0000000781d00000, 0x0000000781e00000|  0%| F|  |TAMS 0x0000000781d00000, 0x0000000781d00000| Untracked 
|  30|0x0000000781e00000, 0x0000000781e00000, 0x0000000781f00000|  0%| F|  |TAMS 0x0000000781e00000, 0x0000000781e00000| Untracked 
|  31|0x0000000781f00000, 0x0000000781f00000, 0x0000000782000000|  0%| F|  |TAMS 0x0000000781f00000, 0x0000000781f00000| Untracked 
|  32|0x0000000782000000, 0x0000000782000000, 0x0000000782100000|  0%| F|  |TAMS 0x0000000782000000, 0x0000000782000000| Untracked 
|  33|0x0000000782100000, 0x0000000782100000, 0x0000000782200000|  0%| F|  |TAMS 0x0000000782100000, 0x0000000782100000| Untracked 
|  34|0x0000000782200000, 0x0000000782200000, 0x0000000782300000|  0%| F|  |TAMS 0x0000000782200000, 0x0000000782200000| Untracked 
|  35|0x0000000782300000, 0x0000000782300000, 0x0000000782400000|  0%| F|  |TAMS 0x0000000782300000, 0x0000000782300000| Untracked 
|  36|0x0000000782400000, 0x0000000782400000, 0x0000000782500000|  0%| F|  |TAMS 0x0000000782400000, 0x0000000782400000| Untracked 
|  37|0x0000000782500000, 0x0000000782500000, 0x0000000782600000|  0%| F|  |TAMS 0x0000000782500000, 0x0000000782500000| Untracked 
|  38|0x0000000782600000, 0x0000000782600000, 0x0000000782700000|  0%| F|  |TAMS 0x0000000782600000, 0x0000000782600000| Untracked 
|  39|0x0000000782700000, 0x0000000782700000, 0x0000000782800000|  0%| F|  |TAMS 0x0000000782700000, 0x0000000782700000| Untracked 
|  40|0x0000000782800000, 0x0000000782800000, 0x0000000782900000|  0%| F|  |TAMS 0x0000000782800000, 0x0000000782800000| Untracked 
|  41|0x0000000782900000, 0x0000000782900000, 0x0000000782a00000|  0%| F|  |TAMS 0x0000000782900000, 0x0000000782900000| Untracked 
|  42|0x0000000782a00000, 0x0000000782a00000, 0x0000000782b00000|  0%| F|  |TAMS 0x0000000782a00000, 0x0000000782a00000| Untracked 
|  43|0x0000000782b00000, 0x0000000782b00000, 0x0000000782c00000|  0%| F|  |TAMS 0x0000000782b00000, 0x0000000782b00000| Untracked 
|  44|0x0000000782c00000, 0x0000000782c00000, 0x0000000782d00000|  0%| F|  |TAMS 0x0000000782c00000, 0x0000000782c00000| Untracked 
|  45|0x0000000782d00000, 0x0000000782d00000, 0x0000000782e00000|  0%| F|  |TAMS 0x0000000782d00000, 0x0000000782d00000| Untracked 
|  46|0x0000000782e00000, 0x0000000782e00000, 0x0000000782f00000|  0%| F|  |TAMS 0x0000000782e00000, 0x0000000782e00000| Untracked 
|  47|0x0000000782f00000, 0x0000000782f00000, 0x0000000783000000|  0%| F|  |TAMS 0x0000000782f00000, 0x0000000782f00000| Untracked 
|  48|0x0000000783000000, 0x0000000783000000, 0x0000000783100000|  0%| F|  |TAMS 0x0000000783000000, 0x0000000783000000| Untracked 
|  49|0x0000000783100000, 0x0000000783100000, 0x0000000783200000|  0%| F|  |TAMS 0x0000000783100000, 0x0000000783100000| Untracked 
|  50|0x0000000783200000, 0x0000000783200000, 0x0000000783300000|  0%| F|  |TAMS 0x0000000783200000, 0x0000000783200000| Untracked 
|  51|0x0000000783300000, 0x0000000783300000, 0x0000000783400000|  0%| F|  |TAMS 0x0000000783300000, 0x0000000783300000| Untracked 
|  52|0x0000000783400000, 0x0000000783400000, 0x0000000783500000|  0%| F|  |TAMS 0x0000000783400000, 0x0000000783400000| Untracked 
|  53|0x0000000783500000, 0x0000000783500000, 0x0000000783600000|  0%| F|  |TAMS 0x0000000783500000, 0x0000000783500000| Untracked 
|  54|0x0000000783600000, 0x0000000783600000, 0x0000000783700000|  0%| F|  |TAMS 0x0000000783600000, 0x0000000783600000| Untracked 
|  55|0x0000000783700000, 0x0000000783700000, 0x0000000783800000|  0%| F|  |TAMS 0x0000000783700000, 0x0000000783700000| Untracked 
|  56|0x0000000783800000, 0x0000000783800000, 0x0000000783900000|  0%| F|  |TAMS 0x0000000783800000, 0x0000000783800000| Untracked 
|  57|0x0000000783900000, 0x0000000783900000, 0x0000000783a00000|  0%| F|  |TAMS 0x0000000783900000, 0x0000000783900000| Untracked 
|  58|0x0000000783a00000, 0x0000000783a00000, 0x0000000783b00000|  0%| F|  |TAMS 0x0000000783a00000, 0x0000000783a00000| Untracked 
|  59|0x0000000783b00000, 0x0000000783b00000, 0x0000000783c00000|  0%| F|  |TAMS 0x0000000783b00000, 0x0000000783b00000| Untracked 
|  60|0x0000000783c00000, 0x0000000783c00000, 0x0000000783d00000|  0%| F|  |TAMS 0x0000000783c00000, 0x0000000783c00000| Untracked 
|  61|0x0000000783d00000, 0x0000000783d00000, 0x0000000783e00000|  0%| F|  |TAMS 0x0000000783d00000, 0x0000000783d00000| Untracked 
|  62|0x0000000783e00000, 0x0000000783e00000, 0x0000000783f00000|  0%| F|  |TAMS 0x0000000783e00000, 0x0000000783e00000| Untracked 
|  63|0x0000000783f00000, 0x0000000783f00000, 0x0000000784000000|  0%| F|  |TAMS 0x0000000783f00000, 0x0000000783f00000| Untracked 
|  64|0x0000000784000000, 0x0000000784000000, 0x0000000784100000|  0%| F|  |TAMS 0x0000000784000000, 0x0000000784000000| Untracked 
|  65|0x0000000784100000, 0x0000000784100000, 0x0000000784200000|  0%| F|  |TAMS 0x0000000784100000, 0x0000000784100000| Untracked 
|  66|0x0000000784200000, 0x0000000784200000, 0x0000000784300000|  0%| F|  |TAMS 0x0000000784200000, 0x0000000784200000| Untracked 
|  67|0x0000000784300000, 0x0000000784300000, 0x0000000784400000|  0%| F|  |TAMS 0x0000000784300000, 0x0000000784300000| Untracked 
|  68|0x0000000784400000, 0x0000000784400000, 0x0000000784500000|  0%| F|  |TAMS 0x0000000784400000, 0x0000000784400000| Untracked 
|  69|0x0000000784500000, 0x0000000784500000, 0x0000000784600000|  0%| F|  |TAMS 0x0000000784500000, 0x0000000784500000| Untracked 
|  70|0x0000000784600000, 0x0000000784600000, 0x0000000784700000|  0%| F|  |TAMS 0x0000000784600000, 0x0000000784600000| Untracked 
|  71|0x0000000784700000, 0x0000000784700000, 0x0000000784800000|  0%| F|  |TAMS 0x0000000784700000, 0x0000000784700000| Untracked 
|  72|0x0000000784800000, 0x0000000784800000, 0x0000000784900000|  0%| F|  |TAMS 0x0000000784800000, 0x0000000784800000| Untracked 
|  73|0x0000000784900000, 0x0000000784900000, 0x0000000784a00000|  0%| F|  |TAMS 0x0000000784900000, 0x0000000784900000| Untracked 
|  74|0x0000000784a00000, 0x0000000784a00000, 0x0000000784b00000|  0%| F|  |TAMS 0x0000000784a00000, 0x0000000784a00000| Untracked 
|  75|0x0000000784b00000, 0x0000000784b00000, 0x0000000784c00000|  0%| F|  |TAMS 0x0000000784b00000, 0x0000000784b00000| Untracked 
|  76|0x0000000784c00000, 0x0000000784c00000, 0x0000000784d00000|  0%| F|  |TAMS 0x0000000784c00000, 0x0000000784c00000| Untracked 
|  77|0x0000000784d00000, 0x0000000784d00000, 0x0000000784e00000|  0%| F|  |TAMS 0x0000000784d00000, 0x0000000784d00000| Untracked 
|  78|0x0000000784e00000, 0x0000000784e00000, 0x0000000784f00000|  0%| F|  |TAMS 0x0000000784e00000, 0x0000000784e00000| Untracked 
|  79|0x0000000784f00000, 0x0000000784f00000, 0x0000000785000000|  0%| F|  |TAMS 0x0000000784f00000, 0x0000000784f00000| Untracked 
|  80|0x0000000785000000, 0x0000000785000000, 0x0000000785100000|  0%| F|  |TAMS 0x0000000785000000, 0x0000000785000000| Untracked 
|  81|0x0000000785100000, 0x0000000785100000, 0x0000000785200000|  0%| F|  |TAMS 0x0000000785100000, 0x0000000785100000| Untracked 
|  82|0x0000000785200000, 0x0000000785200000, 0x0000000785300000|  0%| F|  |TAMS 0x0000000785200000, 0x0000000785200000| Untracked 
|  83|0x0000000785300000, 0x0000000785300000, 0x0000000785400000|  0%| F|  |TAMS 0x0000000785300000, 0x0000000785300000| Untracked 
|  84|0x0000000785400000, 0x0000000785400000, 0x0000000785500000|  0%| F|  |TAMS 0x0000000785400000, 0x0000000785400000| Untracked 
|  85|0x0000000785500000, 0x0000000785500000, 0x0000000785600000|  0%| F|  |TAMS 0x0000000785500000, 0x0000000785500000| Untracked 
|  86|0x0000000785600000, 0x0000000785600000, 0x0000000785700000|  0%| F|  |TAMS 0x0000000785600000, 0x0000000785600000| Untracked 
|  87|0x0000000785700000, 0x0000000785700000, 0x0000000785800000|  0%| F|  |TAMS 0x0000000785700000, 0x0000000785700000| Untracked 
|  88|0x0000000785800000, 0x0000000785800000, 0x0000000785900000|  0%| F|  |TAMS 0x0000000785800000, 0x0000000785800000| Untracked 
|  89|0x0000000785900000, 0x0000000785900000, 0x0000000785a00000|  0%| F|  |TAMS 0x0000000785900000, 0x0000000785900000| Untracked 
|  90|0x0000000785a00000, 0x0000000785a00000, 0x0000000785b00000|  0%| F|  |TAMS 0x0000000785a00000, 0x0000000785a00000| Untracked 
|  91|0x0000000785b00000, 0x0000000785b00000, 0x0000000785c00000|  0%| F|  |TAMS 0x0000000785b00000, 0x0000000785b00000| Untracked 
|  92|0x0000000785c00000, 0x0000000785c00000, 0x0000000785d00000|  0%| F|  |TAMS 0x0000000785c00000, 0x0000000785c00000| Untracked 
|  93|0x0000000785d00000, 0x0000000785d00000, 0x0000000785e00000|  0%| F|  |TAMS 0x0000000785d00000, 0x0000000785d00000| Untracked 
|  94|0x0000000785e00000, 0x0000000785e00000, 0x0000000785f00000|  0%| F|  |TAMS 0x0000000785e00000, 0x0000000785e00000| Untracked 
|  95|0x0000000785f00000, 0x0000000785f00000, 0x0000000786000000|  0%| F|  |TAMS 0x0000000785f00000, 0x0000000785f00000| Untracked 
|  96|0x0000000786000000, 0x0000000786000000, 0x0000000786100000|  0%| F|  |TAMS 0x0000000786000000, 0x0000000786000000| Untracked 
|  97|0x0000000786100000, 0x0000000786100000, 0x0000000786200000|  0%| F|  |TAMS 0x0000000786100000, 0x0000000786100000| Untracked 
|  98|0x0000000786200000, 0x0000000786200000, 0x0000000786300000|  0%| F|  |TAMS 0x0000000786200000, 0x0000000786200000| Untracked 
|  99|0x0000000786300000, 0x0000000786300000, 0x0000000786400000|  0%| F|  |TAMS 0x0000000786300000, 0x0000000786300000| Untracked 
| 100|0x0000000786400000, 0x0000000786400000, 0x0000000786500000|  0%| F|  |TAMS 0x0000000786400000, 0x0000000786400000| Untracked 
| 101|0x0000000786500000, 0x0000000786500000, 0x0000000786600000|  0%| F|  |TAMS 0x0000000786500000, 0x0000000786500000| Untracked 
| 102|0x0000000786600000, 0x0000000786600000, 0x0000000786700000|  0%| F|  |TAMS 0x0000000786600000, 0x0000000786600000| Untracked 
| 103|0x0000000786700000, 0x0000000786700000, 0x0000000786800000|  0%| F|  |TAMS 0x0000000786700000, 0x0000000786700000| Untracked 
| 104|0x0000000786800000, 0x0000000786800000, 0x0000000786900000|  0%| F|  |TAMS 0x0000000786800000, 0x0000000786800000| Untracked 
| 105|0x0000000786900000, 0x0000000786a00000, 0x0000000786a00000|100%| E|  |TAMS 0x0000000786900000, 0x0000000786900000| Complete 
| 106|0x0000000786a00000, 0x0000000786b00000, 0x0000000786b00000|100%| E|CS|TAMS 0x0000000786a00000, 0x0000000786a00000| Complete 
| 107|0x0000000786b00000, 0x0000000786c00000, 0x0000000786c00000|100%| E|CS|TAMS 0x0000000786b00000, 0x0000000786b00000| Complete 
| 108|0x0000000786c00000, 0x0000000786d00000, 0x0000000786d00000|100%| E|CS|TAMS 0x0000000786c00000, 0x0000000786c00000| Complete 
| 109|0x0000000786d00000, 0x0000000786e00000, 0x0000000786e00000|100%| E|CS|TAMS 0x0000000786d00000, 0x0000000786d00000| Complete 
| 110|0x0000000786e00000, 0x0000000786f00000, 0x0000000786f00000|100%| E|CS|TAMS 0x0000000786e00000, 0x0000000786e00000| Complete 
| 111|0x0000000786f00000, 0x0000000787000000, 0x0000000787000000|100%| E|CS|TAMS 0x0000000786f00000, 0x0000000786f00000| Complete 
| 112|0x0000000787000000, 0x0000000787100000, 0x0000000787100000|100%| E|CS|TAMS 0x0000000787000000, 0x0000000787000000| Complete 
| 113|0x0000000787100000, 0x0000000787200000, 0x0000000787200000|100%| E|CS|TAMS 0x0000000787100000, 0x0000000787100000| Complete 
| 114|0x0000000787200000, 0x0000000787300000, 0x0000000787300000|100%| E|CS|TAMS 0x0000000787200000, 0x0000000787200000| Complete 
| 115|0x0000000787300000, 0x0000000787400000, 0x0000000787400000|100%| E|CS|TAMS 0x0000000787300000, 0x0000000787300000| Complete 
| 116|0x0000000787400000, 0x0000000787500000, 0x0000000787500000|100%| E|CS|TAMS 0x0000000787400000, 0x0000000787400000| Complete 
| 117|0x0000000787500000, 0x0000000787600000, 0x0000000787600000|100%| E|CS|TAMS 0x0000000787500000, 0x0000000787500000| Complete 
| 118|0x0000000787600000, 0x0000000787700000, 0x0000000787700000|100%| E|CS|TAMS 0x0000000787600000, 0x0000000787600000| Complete 
| 119|0x0000000787700000, 0x0000000787800000, 0x0000000787800000|100%| E|CS|TAMS 0x0000000787700000, 0x0000000787700000| Complete 
| 120|0x0000000787800000, 0x0000000787900000, 0x0000000787900000|100%| E|CS|TAMS 0x0000000787800000, 0x0000000787800000| Complete 
| 121|0x0000000787900000, 0x0000000787a00000, 0x0000000787a00000|100%| E|CS|TAMS 0x0000000787900000, 0x0000000787900000| Complete 
| 122|0x0000000787a00000, 0x0000000787b00000, 0x0000000787b00000|100%| E|CS|TAMS 0x0000000787a00000, 0x0000000787a00000| Complete 
| 123|0x0000000787b00000, 0x0000000787c00000, 0x0000000787c00000|100%| E|CS|TAMS 0x0000000787b00000, 0x0000000787b00000| Complete 
| 124|0x0000000787c00000, 0x0000000787d00000, 0x0000000787d00000|100%| E|CS|TAMS 0x0000000787c00000, 0x0000000787c00000| Complete 
| 125|0x0000000787d00000, 0x0000000787e00000, 0x0000000787e00000|100%| E|CS|TAMS 0x0000000787d00000, 0x0000000787d00000| Complete 
| 126|0x0000000787e00000, 0x0000000787f00000, 0x0000000787f00000|100%| E|CS|TAMS 0x0000000787e00000, 0x0000000787e00000| Complete 
| 127|0x0000000787f00000, 0x0000000788000000, 0x0000000788000000|100%| E|CS|TAMS 0x0000000787f00000, 0x0000000787f00000| Complete 
|2046|0x00000007ffe00000, 0x00000007ffe78000, 0x00000007fff00000| 46%|OA|  |TAMS 0x00000007ffe00000, 0x00000007ffe00000| Untracked 
|2047|0x00000007fff00000, 0x00000007fff80000, 0x0000000800000000| 50%|CA|  |TAMS 0x00000007fff00000, 0x00000007fff00000| Untracked 

Card table byte_map: [0x000000010fc00000,0x0000000110000000] _byte_map_base: 0x000000010c000000

Marking Bits (Prev, Next): (CMBitMap*) 0x000000013b80b810, (CMBitMap*) 0x000000013b80b850
 Prev Bits: [0x000000011b000000, 0x000000011d000000)
 Next Bits: [0x000000011d000000, 0x000000011f000000)

Polling page: 0x0000000102dbc000

Metaspace:

Usage:
  Non-class:      2.65 MB used.
      Class:    382.84 KB used.
       Both:      3.03 MB used.

Virtual space:
  Non-class space:       64.00 MB reserved,       2.75 MB (  4%) committed,  1 nodes.
      Class space:        1.00 GB reserved,     448.00 KB ( <1%) committed,  1 nodes.
             Both:        1.06 GB reserved,       3.19 MB ( <1%) committed. 

Chunk freelists:
   Non-Class:  11.92 MB
       Class:  15.59 MB
        Both:  27.51 MB

MaxMetaspaceSize: unlimited
CompressedClassSpaceSize: 1.00 GB
Initial GC threshold: 21.00 MB
Current GC threshold: 21.00 MB
CDS: on
MetaspaceReclaimPolicy: balanced
 - commit_granule_bytes: 65536.
 - commit_granule_words: 8192.
 - virtual_space_node_default_size: 8388608.
 - enlarge_chunks_in_place: 1.
 - new_chunks_are_fully_committed: 0.
 - uncommit_free_chunks: 1.
 - use_allocation_guard: 0.
 - handle_deallocations: 1.


Internal statistics:

num_allocs_failed_limit: 0.
num_arena_births: 62.
num_arena_deaths: 0.
num_vsnodes_births: 2.
num_vsnodes_deaths: 0.
num_space_committed: 51.
num_space_uncommitted: 0.
num_chunks_returned_to_freelist: 0.
num_chunks_taken_from_freelist: 80.
num_chunk_merges: 0.
num_chunk_splits: 43.
num_chunks_enlarged: 16.
num_inconsistent_stats: 0.

CodeCache: size=49152Kb used=3015Kb max_used=3015Kb free=46136Kb
 bounds [0x000000010cc00000, 0x000000010cf00000, 0x000000010fc00000]
 total_blobs=1465 nmethods=1048 adapters=349
 compilation: enabled
              stopped_count=0, restarted_count=0
 full_count=0

Compilation events (20 events):
Event: 1.634 Thread 0x000000013d090e00 1036       1       java.util.concurrent.CopyOnWriteArrayList$COWIterator::next (32 bytes)
Event: 1.634 Thread 0x000000013d090e00 nmethod 1036 0x000000010cee8190 code [0x000000010cee8340, 0x000000010cee84b8]
Event: 1.634 Thread 0x000000013d090e00 1032       1       jdk.jfr.events.ActiveSettingEvent::commit (1 bytes)
Event: 1.634 Thread 0x000000013d090e00 nmethod 1032 0x000000010cee8690 code [0x000000010cee8800, 0x000000010cee88d8]
Event: 1.634 Thread 0x000000013d090e00 1028       1       jdk.jfr.internal.Control::apply (10 bytes)
Event: 1.634 Thread 0x000000013d090e00 nmethod 1028 0x000000010cee8990 code [0x000000010cee8b40, 0x000000010cee8c58]
Event: 1.634 Thread 0x000000013d090e00 1029       1       jdk.jfr.internal.Control::findCombine (121 bytes)
Event: 1.634 Thread 0x000000013d090e00 nmethod 1029 0x000000010cee8d90 code [0x000000010cee8fc0, 0x000000010cee9678]
Event: 1.634 Thread 0x000000013d090e00 1034       1       java.lang.ThreadLocal$ThreadLocalMap::getEntry (42 bytes)
Event: 1.634 Thread 0x000000013d090e00 nmethod 1034 0x000000010cee9c90 code [0x000000010cee9e40, 0x000000010ceea058]
Event: 1.634 Thread 0x000000013d090e00 1037       1       jdk.internal.org.objectweb.asm.SymbolTable::getConstantPoolCount (5 bytes)
Event: 1.634 Thread 0x000000013d090e00 nmethod 1037 0x000000010ceea310 code [0x000000010ceea480, 0x000000010ceea518]
Event: 1.636 Thread 0x000000013d090e00 1038       1       java.util.Properties$LineReader::readLine (584 bytes)
Event: 1.637 Thread 0x000000013d090e00 nmethod 1038 0x000000010ceea610 code [0x000000010ceea880, 0x000000010ceeb698]
Event: 1.640 Thread 0x000000013d090e00 1039       1       jdk.internal.jimage.ImageLocation::readValue (61 bytes)
Event: 1.640 Thread 0x000000013d090e00 nmethod 1039 0x000000010ceed290 code [0x000000010ceed440, 0x000000010ceed618]
Event: 1.640 Thread 0x000000013d090e00 1041       1       java.util.concurrent.ConcurrentHashMap$ValueIterator::next (34 bytes)
Event: 1.640 Thread 0x000000013d090e00 nmethod 1041 0x000000010ceed810 code [0x000000010ceed9c0, 0x000000010ceedb98]
Event: 1.640 Thread 0x000000013d090e00 1042       1       jdk.internal.jimage.ImageHeader::getTableLength (5 bytes)
Event: 1.640 Thread 0x000000013d090e00 nmethod 1042 0x000000010ceedd90 code [0x000000010ceedf00, 0x000000010ceedf98]

GC Heap History (0 events):
No events

Dll operation events (8 events):
Event: 1.304 Loaded shared library /Users/hburaks/Library/Java/JavaVirtualMachines/corretto-17.0.8/Contents/Home/lib/libjava.dylib
Event: 1.376 Loaded shared library /Users/hburaks/Library/Java/JavaVirtualMachines/corretto-17.0.8/Contents/Home/lib/libzip.dylib
Event: 1.377 Loaded shared library /Users/hburaks/Library/Java/JavaVirtualMachines/corretto-17.0.8/Contents/Home/lib/libinstrument.dylib
Event: 1.380 Loaded shared library /Users/hburaks/Library/Java/JavaVirtualMachines/corretto-17.0.8/Contents/Home/lib/libnio.dylib
Event: 1.382 Loaded shared library /Users/hburaks/Library/Java/JavaVirtualMachines/corretto-17.0.8/Contents/Home/lib/libzip.dylib
Event: 1.452 Loaded shared library /Users/hburaks/Library/Java/JavaVirtualMachines/corretto-17.0.8/Contents/Home/lib/libnet.dylib
Event: 1.457 Loaded shared library /Users/hburaks/Library/Java/JavaVirtualMachines/corretto-17.0.8/Contents/Home/lib/libextnet.dylib
Event: 1.481 Loaded shared library /Users/hburaks/Library/Java/JavaVirtualMachines/corretto-17.0.8/Contents/Home/lib/libjimage.dylib

Deoptimization events (6 events):
Event: 1.530 Thread 0x000000013a80c200 DEOPT PACKING pc=0x000000010ce2b798 sp=0x000000016d458940
Event: 1.531 Thread 0x000000013a80c200 DEOPT UNPACKING pc=0x000000010cc4777c sp=0x000000016d458630 mode 3
Event: 1.537 Thread 0x000000013a80c200 DEOPT PACKING pc=0x000000010cdf998c sp=0x000000016d459a10
Event: 1.537 Thread 0x000000013a80c200 DEOPT UNPACKING pc=0x000000010cc4777c sp=0x000000016d459780 mode 3
Event: 1.581 Thread 0x000000013a80c200 DEOPT PACKING pc=0x000000010cea21f4 sp=0x000000016d4583b0
Event: 1.581 Thread 0x000000013a80c200 DEOPT UNPACKING pc=0x000000010cc4777c sp=0x000000016d458070 mode 3

Classes unloaded (0 events):
No events

Classes redefined (9 events):
Event: 1.590 Thread 0x0000000118c048f0 redefined class name=java.io.FileInputStream, count=1
Event: 1.590 Thread 0x0000000118c048f0 redefined class name=java.io.FileOutputStream, count=1
Event: 1.590 Thread 0x0000000118c048f0 redefined class name=java.io.RandomAccessFile, count=1
Event: 1.591 Thread 0x0000000118c048f0 redefined class name=sun.nio.ch.FileChannelImpl, count=1
Event: 1.591 Thread 0x0000000118c048f0 redefined class name=java.net.Socket$SocketInputStream, count=1
Event: 1.591 Thread 0x0000000118c048f0 redefined class name=java.net.Socket$SocketOutputStream, count=1
Event: 1.591 Thread 0x0000000118c048f0 redefined class name=sun.nio.ch.SocketChannelImpl, count=1
Event: 1.591 Thread 0x0000000118c048f0 redefined class name=java.lang.Throwable, count=1
Event: 1.591 Thread 0x0000000118c048f0 redefined class name=java.lang.Error, count=2

Internal exceptions (20 events):
Event: 1.534 Thread 0x000000013a80c200 Exception <a 'java/lang/ClassNotFoundException'{0x00000007874dfc28}: jdk/jfr/internal/handlers/EventHandler1470_1692486239996-26823> (0x00000007874dfc28) 
thrown [src/hotspot/share/classfile/systemDictionary.cpp, line 256]
Event: 1.535 Thread 0x000000013a80c200 Exception <a 'java/lang/ClassNotFoundException'{0x00000007874ee850}: jdk/jfr/internal/handlers/EventHandler1472_1692486239996-26823> (0x00000007874ee850) 
thrown [src/hotspot/share/classfile/systemDictionary.cpp, line 256]
Event: 1.536 Thread 0x000000013a80c200 Exception <a 'java/lang/ClassNotFoundException'{0x000000078730e8f8}: jdk/jfr/internal/handlers/EventHandler1474_1692486239996-26823> (0x000000078730e8f8) 
thrown [src/hotspot/share/classfile/systemDictionary.cpp, line 256]
Event: 1.536 Thread 0x000000013a80c200 Exception <a 'java/lang/ClassNotFoundException'{0x0000000787320e00}: jdk/jfr/internal/handlers/EventHandler1476_1692486239996-26823> (0x0000000787320e00) 
thrown [src/hotspot/share/classfile/systemDictionary.cpp, line 256]
Event: 1.537 Thread 0x000000013a80c200 Exception <a 'java/lang/ClassNotFoundException'{0x0000000787330df8}: jdk/jfr/internal/handlers/EventHandler1478_1692486239996-26823> (0x0000000787330df8) 
thrown [src/hotspot/share/classfile/systemDictionary.cpp, line 256]
Event: 1.538 Thread 0x000000013a80c200 Exception <a 'java/lang/ClassNotFoundException'{0x000000078733dd48}: jdk/jfr/internal/handlers/EventHandler1480_1692486239996-26823> (0x000000078733dd48) 
thrown [src/hotspot/share/classfile/systemDictionary.cpp, line 256]
Event: 1.538 Thread 0x000000013a80c200 Exception <a 'java/lang/ClassNotFoundException'{0x000000078734b688}: jdk/jfr/internal/handlers/EventHandler1482_1692486239996-26823> (0x000000078734b688) 
thrown [src/hotspot/share/classfile/systemDictionary.cpp, line 256]
Event: 1.539 Thread 0x000000013a80c200 Exception <a 'java/lang/ClassNotFoundException'{0x0000000787373338}: jdk/jfr/internal/handlers/EventHandler1484_1692486239996-26823> (0x0000000787373338) 
thrown [src/hotspot/share/classfile/systemDictionary.cpp, line 256]
Event: 1.541 Thread 0x000000013a80c200 Exception <a 'java/lang/ClassNotFoundException'{0x000000078738e058}: jdk/jfr/internal/handlers/EventHandler1486_1692486239996-26823> (0x000000078738e058) 
thrown [src/hotspot/share/classfile/systemDictionary.cpp, line 256]
Event: 1.542 Thread 0x000000013a80c200 Exception <a 'java/lang/ClassNotFoundException'{0x00000007873a01d8}: jdk/jfr/internal/handlers/EventHandler1488_1692486239996-26823> (0x00000007873a01d8) 
thrown [src/hotspot/share/classfile/systemDictionary.cpp, line 256]
Event: 1.543 Thread 0x000000013a80c200 Exception <a 'java/lang/ClassNotFoundException'{0x00000007873b03e0}: jdk/jfr/internal/handlers/EventHandler1491_1692486239996-26823> (0x00000007873b03e0) 
thrown [src/hotspot/share/classfile/systemDictionary.cpp, line 256]
Event: 1.543 Thread 0x000000013a80c200 Exception <a 'java/lang/ClassNotFoundException'{0x00000007873bbd40}: jdk/jfr/internal/handlers/EventHandler1493_1692486239996-26823> (0x00000007873bbd40) 
thrown [src/hotspot/share/classfile/systemDictionary.cpp, line 256]
Event: 1.544 Thread 0x000000013a80c200 Exception <a 'java/lang/ClassNotFoundException'{0x00000007873d27b8}: jdk/jfr/internal/handlers/EventHandler1757_1692486239996-26823> (0x00000007873d27b8) 
thrown [src/hotspot/share/classfile/systemDictionary.cpp, line 256]
Event: 1.545 Thread 0x000000013a80c200 Exception <a 'java/lang/ClassNotFoundException'{0x00000007873e22c8}: jdk/jfr/internal/handlers/EventHandler1760_1692486239996-26823> (0x00000007873e22c8) 
thrown [src/hotspot/share/classfile/systemDictionary.cpp, line 256]
Event: 1.545 Thread 0x000000013a80c200 Exception <a 'java/lang/ClassNotFoundException'{0x00000007873efc40}: jdk/jfr/internal/handlers/EventHandler1763_1692486239996-26823> (0x00000007873efc40) 
thrown [src/hotspot/share/classfile/systemDictionary.cpp, line 256]
Event: 1.545 Thread 0x000000013a80c200 Exception <a 'java/lang/ClassNotFoundException'{0x00000007873fdcc0}: jdk/jfr/internal/handlers/EventHandler1766_1692486239996-26823> (0x00000007873fdcc0) 
thrown [src/hotspot/share/classfile/systemDictionary.cpp, line 256]
Event: 1.546 Thread 0x000000013a80c200 Exception <a 'java/lang/ClassNotFoundException'{0x000000078720a5b8}: jdk/jfr/internal/handlers/EventHandler1769_1692486239996-26823> (0x000000078720a5b8) 
thrown [src/hotspot/share/classfile/systemDictionary.cpp, line 256]
Event: 1.593 Thread 0x000000013a80c200 Exception <a 'java/lang/NoSuchMethodError'{0x0000000786c074b8}: 'void java.lang.invoke.DirectMethodHandle$Holder.invokeStatic(java.lang.Object, java.lang.Object, int)'> (0x0000000786c074b8) 
thrown [src/hotspot/share/interpreter/linkResolver.cpp, line 759]
Event: 1.593 Thread 0x000000013a80c200 Exception <a 'java/lang/NoSuchMethodError'{0x0000000786c0d608}: 'java.lang.Object java.lang.invoke.DirectMethodHandle$Holder.newInvokeSpecial(java.lang.Object, java.lang.Object, int)'> (0x0000000786c0d608) 
thrown [src/hotspot/share/interpreter/linkResolver.cpp, line 759]
Event: 1.604 Thread 0x000000013a80c200 Exception <a 'java/lang/NoSuchMethodError'{0x0000000786c4c508}: 'void java.lang.invoke.DirectMethodHandle$Holder.invokeSpecial(java.lang.Object, java.lang.Object, java.lang.Object)'> (0x0000000786c4c508) 
thrown [src/hotspot/share/interpreter/linkResolver.cpp, line 759]

VM Operations (12 events):
Event: 1.452 Executing VM operation: HandshakeAllThreads
Event: 1.452 Executing VM operation: HandshakeAllThreads done
Event: 1.466 Executing VM operation: HandshakeAllThreads
Event: 1.466 Executing VM operation: HandshakeAllThreads done
Event: 1.531 Executing VM operation: ICBufferFull
Event: 1.532 Executing VM operation: ICBufferFull done
Event: 1.589 Executing VM operation: RedefineClasses
Event: 1.592 Executing VM operation: RedefineClasses done
Event: 1.600 Executing VM operation: HandshakeAllThreads
Event: 1.600 Executing VM operation: HandshakeAllThreads done
Event: 1.614 Executing VM operation: JFRCheckpoint
Event: 1.614 Executing VM operation: JFRCheckpoint done

Events (20 events):
Event: 1.639 loading class jdk/internal/logger/LazyLoggers
Event: 1.639 loading class jdk/internal/logger/LazyLoggers done
Event: 1.639 loading class jdk/internal/logger/LazyLoggers$1
Event: 1.640 loading class jdk/internal/logger/LazyLoggers$1 done
Event: 1.640 loading class jdk/internal/logger/LazyLoggers$LazyLoggerFactories
Event: 1.640 loading class jdk/internal/logger/LazyLoggers$LazyLoggerFactories done
Event: 1.641 loading class jdk/internal/logger/LazyLoggers$JdkLazyLogger
Event: 1.641 loading class jdk/internal/logger/LazyLoggers$LazyLoggerWrapper
Event: 1.641 loading class jdk/internal/logger/AbstractLoggerWrapper
Event: 1.641 loading class jdk/internal/logger/AbstractLoggerWrapper done
Event: 1.641 loading class jdk/internal/logger/LazyLoggers$LazyLoggerWrapper done
Event: 1.641 loading class jdk/internal/logger/LazyLoggers$JdkLazyLogger done
Event: 1.641 loading class jdk/internal/logger/LazyLoggers$LazyLoggerAccessor
Event: 1.641 loading class jdk/internal/logger/LazyLoggers$LoggerAccessor
Event: 1.641 loading class jdk/internal/logger/LazyLoggers$LoggerAccessor done
Event: 1.641 loading class jdk/internal/logger/LazyLoggers$LazyLoggerAccessor done
Event: 1.641 loading class sun/management/jmxremote/ConnectorBootstrap$PermanentExporter
Event: 1.641 loading class com/sun/jmx/remote/internal/rmi/RMIExporter
Event: 1.642 loading class com/sun/jmx/remote/internal/rmi/RMIExporter done
Event: 1.642 loading class sun/management/jmxremote/ConnectorBootstrap$PermanentExporter done


Dynamic libraries:
0x0000000102d6c000 	/Users/hburaks/Library/Java/JavaVirtualMachines/corretto-17.0.8/Contents/Home/lib/libjli.dylib
0x00000001c121b000 	/System/Library/Frameworks/Cocoa.framework/Versions/A/Cocoa
0x00000001ad425000 	/System/Library/Frameworks/AppKit.framework/Versions/C/AppKit
0x00000001b093c000 	/System/Library/Frameworks/CoreData.framework/Versions/A/CoreData
0x00000001ab780000 	/System/Library/Frameworks/Foundation.framework/Versions/C/Foundation
0x00000001b5398000 	/usr/lib/libSystem.B.dylib
0x00000001ae2de000 	/System/Library/PrivateFrameworks/UIFoundation.framework/Versions/A/UIFoundation
0x00000001bb3e7000 	/System/Library/PrivateFrameworks/RemoteViewServices.framework/Versions/A/RemoteViewServices
0x00000001b3858000 	/System/Library/PrivateFrameworks/XCTTargetBootstrap.framework/Versions/A/XCTTargetBootstrap
0x00000001b70d8000 	/System/Library/PrivateFrameworks/InternationalSupport.framework/Versions/A/InternationalSupport
0x00000001b7161000 	/System/Library/PrivateFrameworks/UserActivity.framework/Versions/A/UserActivity
0x00000001b65cf000 	/usr/lib/libspindump.dylib
0x00000001ae54f000 	/System/Library/Frameworks/UniformTypeIdentifiers.framework/Versions/A/UniformTypeIdentifiers
0x00000001b1da0000 	/usr/lib/libapp_launch_measurement.dylib
0x00000001b12c8000 	/System/Library/PrivateFrameworks/CoreAnalytics.framework/Versions/A/CoreAnalytics
0x00000001b1da3000 	/System/Library/PrivateFrameworks/CoreAutoLayout.framework/Versions/A/CoreAutoLayout
0x00000001b3147000 	/System/Library/Frameworks/Metal.framework/Versions/A/Metal
0x00000001b3ec0000 	/usr/lib/liblangid.dylib
0x00000001b385d000 	/System/Library/PrivateFrameworks/CoreSVG.framework/Versions/A/CoreSVG
0x00000001af9e6000 	/System/Library/PrivateFrameworks/SkyLight.framework/Versions/A/SkyLight
0x00000001afdc2000 	/System/Library/Frameworks/CoreGraphics.framework/Versions/A/CoreGraphics
0x00000001bbab3000 	/System/Library/Frameworks/Accelerate.framework/Versions/A/Accelerate
0x00000001b6046000 	/System/Library/PrivateFrameworks/IconServices.framework/Versions/A/IconServices
0x00000001b3129000 	/System/Library/Frameworks/IOSurface.framework/Versions/A/IOSurface
0x00000001b12f9000 	/usr/lib/libDiagnosticMessagesClient.dylib
0x00000001b52e1000 	/usr/lib/libz.1.dylib
0x00000001befb8000 	/System/Library/Frameworks/ApplicationServices.framework/Versions/A/ApplicationServices
0x00000001b3840000 	/System/Library/PrivateFrameworks/DFRFoundation.framework/Versions/A/DFRFoundation
0x00000001accb5000 	/usr/lib/libicucore.A.dylib
0x00000001b7f86000 	/System/Library/Frameworks/AudioToolbox.framework/Versions/A/AudioToolbox
0x00000001b70e4000 	/System/Library/PrivateFrameworks/DataDetectorsCore.framework/Versions/A/DataDetectorsCore
0x00000001cdb04000 	/System/Library/PrivateFrameworks/TextInput.framework/Versions/A/TextInput
0x00000001af95b000 	/usr/lib/libMobileGestalt.dylib
0x00000001b350c000 	/System/Library/Frameworks/Carbon.framework/Versions/A/Frameworks/HIToolbox.framework/Versions/A/HIToolbox
0x00000001b1779000 	/System/Library/Frameworks/QuartzCore.framework/Versions/A/QuartzCore
0x00000001ac936000 	/System/Library/Frameworks/Security.framework/Versions/A/Security
0x00000001bb427000 	/System/Library/Frameworks/Carbon.framework/Versions/A/Frameworks/SpeechRecognition.framework/Versions/A/SpeechRecognition
0x00000001b1af5000 	/System/Library/PrivateFrameworks/CoreUI.framework/Versions/A/CoreUI
0x00000001ac212000 	/System/Library/Frameworks/CoreAudio.framework/Versions/A/CoreAudio
0x00000001b13ed000 	/System/Library/Frameworks/DiskArbitration.framework/Versions/A/DiskArbitration
0x00000001b69d9000 	/System/Library/PrivateFrameworks/MultitouchSupport.framework/Versions/A/MultitouchSupport
0x00000001af959000 	/usr/lib/libenergytrace.dylib
0x00000001ad2ed000 	/System/Library/Frameworks/IOKit.framework/Versions/A/IOKit
0x00000001bb816000 	/System/Library/Frameworks/CoreServices.framework/Versions/A/CoreServices
0x00000001b1d30000 	/System/Library/PrivateFrameworks/PerformanceAnalysis.framework/Versions/A/PerformanceAnalysis
0x000000020bfaf000 	/System/Library/Frameworks/OpenGL.framework/Versions/A/OpenGL
0x00000001b4933000 	/System/Library/PrivateFrameworks/MobileKeyBag.framework/Versions/A/MobileKeyBag
0x00000001aa6b3000 	/usr/lib/libobjc.A.dylib
0x00000001b03d0000 	/System/Library/Frameworks/ColorSync.framework/Versions/A/ColorSync
0x00000001aa87c000 	/System/Library/Frameworks/CoreFoundation.framework/Versions/A/CoreFoundation
0x00000001b3adc000 	/System/Library/Frameworks/CoreImage.framework/Versions/A/CoreImage
0x00000001ac036000 	/System/Library/Frameworks/CoreText.framework/Versions/A/CoreText
0x00000001b388d000 	/System/Library/Frameworks/ImageIO.framework/Versions/A/ImageIO
0x00000001b539e000 	/System/Library/PrivateFrameworks/SoftLinking.framework/Versions/A/SoftLinking
0x00000001b1dee000 	/usr/lib/libxml2.2.dylib
0x00000001aa776000 	/usr/lib/libc++.1.dylib
0x00000001b5637000 	/usr/lib/libcompression.dylib
0x00000001b7034000 	/System/Library/PrivateFrameworks/TextureIO.framework/Versions/A/TextureIO
0x00000001b5d5f000 	/usr/lib/libate.dylib
0x00000001b5392000 	/usr/lib/system/libcache.dylib
0x00000001b5350000 	/usr/lib/system/libcommonCrypto.dylib
0x00000001b5379000 	/usr/lib/system/libcompiler_rt.dylib
0x00000001b5370000 	/usr/lib/system/libcopyfile.dylib
0x00000001aa5b7000 	/usr/lib/system/libcorecrypto.dylib
0x00000001aa66c000 	/usr/lib/system/libdispatch.dylib
0x00000001aa83a000 	/usr/lib/system/libdyld.dylib
0x00000001b5388000 	/usr/lib/system/libkeymgr.dylib
0x00000001b532b000 	/usr/lib/system/libmacho.dylib
0x00000001b4a1b000 	/usr/lib/system/libquarantine.dylib
0x00000001b5385000 	/usr/lib/system/libremovefile.dylib
0x00000001af9b2000 	/usr/lib/system/libsystem_asl.dylib
0x00000001aa559000 	/usr/lib/system/libsystem_blocks.dylib
0x00000001aa6f4000 	/usr/lib/system/libsystem_c.dylib
0x00000001b537d000 	/usr/lib/system/libsystem_collections.dylib
0x00000001b3eb0000 	/usr/lib/system/libsystem_configuration.dylib
0x00000001b310a000 	/usr/lib/system/libsystem_containermanager.dylib
0x00000001b5088000 	/usr/lib/system/libsystem_coreservices.dylib
0x00000001acf6b000 	/usr/lib/system/libsystem_darwin.dylib
0x00000001b5389000 	/usr/lib/system/libsystem_dnssd.dylib
0x00000001aa6f1000 	/usr/lib/system/libsystem_featureflags.dylib
0x00000001aa84f000 	/usr/lib/system/libsystem_info.dylib
0x00000001b52f3000 	/usr/lib/system/libsystem_m.dylib
0x00000001aa641000 	/usr/lib/system/libsystem_malloc.dylib
0x00000001af940000 	/usr/lib/system/libsystem_networkextension.dylib
0x00000001ad3c4000 	/usr/lib/system/libsystem_notify.dylib
0x00000001bb6ed000 	/usr/lib/system/libsystem_product_info_filter.dylib
0x00000001b3eb5000 	/usr/lib/system/libsystem_sandbox.dylib
0x00000001b5382000 	/usr/lib/system/libsystem_secinit.dylib
0x00000001aa7f5000 	/usr/lib/system/libsystem_kernel.dylib
0x00000001aa847000 	/usr/lib/system/libsystem_platform.dylib
0x00000001aa82d000 	/usr/lib/system/libsystem_pthread.dylib
0x00000001b1116000 	/usr/lib/system/libsystem_symptoms.dylib
0x00000001aa59d000 	/usr/lib/system/libsystem_trace.dylib
0x00000001b535d000 	/usr/lib/system/libunwind.dylib
0x00000001aa55b000 	/usr/lib/system/libxpc.dylib
0x00000001aa7dd000 	/usr/lib/libc++abi.dylib
0x00000001b5368000 	/usr/lib/liboah.dylib
0x00000001b5c24000 	/usr/lib/liblzma.5.dylib
0x00000001ab473000 	/System/Library/Frameworks/SystemConfiguration.framework/Versions/A/SystemConfiguration
0x00000001b539a000 	/usr/lib/libfakelink.dylib
0x00000001af48b000 	/System/Library/Frameworks/CFNetwork.framework/Versions/A/CFNetwork
0x00000001b54e0000 	/usr/lib/libarchive.2.dylib
0x00000001b3ebc000 	/System/Library/PrivateFrameworks/AppleSystemInfo.framework/Versions/A/AppleSystemInfo
0x00000001b4a46000 	/usr/lib/libbsm.0.dylib
0x00000001ae9f8000 	/usr/lib/libnetwork.dylib
0x00000001b5334000 	/usr/lib/system/libkxld.dylib
0x00000001b4660000 	/System/Library/PrivateFrameworks/IOMobileFramebuffer.framework/Versions/A/IOMobileFramebuffer
0x000000022a399000 	/usr/lib/libCoreEntitlements.dylib
0x00000001b506a000 	/System/Library/PrivateFrameworks/AppleFSCompression.framework/Versions/A/AppleFSCompression
0x00000001b4a2e000 	/usr/lib/libcoretls.dylib
0x00000001b5c3d000 	/usr/lib/libcoretls_cfhelpers.dylib
0x00000001b5632000 	/usr/lib/libpam.2.dylib
0x00000001b0d2c000 	/usr/lib/libsqlite3.dylib
0x00000001b5ca6000 	/usr/lib/libxar.1.dylib
0x00000001b507b000 	/usr/lib/libbz2.1.0.dylib
0x00000001b539f000 	/usr/lib/libpcap.A.dylib
0x00000001b110d000 	/usr/lib/libdns_services.dylib
0x00000001b5605000 	/usr/lib/libapple_nghttp2.dylib
0x00000001b53dc000 	/usr/lib/libiconv.2.dylib
0x00000001b532a000 	/usr/lib/libcharset.1.dylib
0x00000001b1d6c000 	/System/Library/Frameworks/CoreServices.framework/Versions/A/Frameworks/FSEvents.framework/Versions/A/FSEvents
0x00000001acf76000 	/System/Library/Frameworks/CoreServices.framework/Versions/A/Frameworks/CarbonCore.framework/Versions/A/CarbonCore
0x00000001b134d000 	/System/Library/Frameworks/CoreServices.framework/Versions/A/Frameworks/Metadata.framework/Versions/A/Metadata
0x00000001b508e000 	/System/Library/Frameworks/CoreServices.framework/Versions/A/Frameworks/OSServices.framework/Versions/A/OSServices
0x00000001b5566000 	/System/Library/Frameworks/CoreServices.framework/Versions/A/Frameworks/SearchKit.framework/Versions/A/SearchKit
0x00000001b109b000 	/System/Library/Frameworks/CoreServices.framework/Versions/A/Frameworks/AE.framework/Versions/A/AE
0x00000001aadc3000 	/System/Library/Frameworks/CoreServices.framework/Versions/A/Frameworks/LaunchServices.framework/Versions/A/LaunchServices
0x00000001b5bcd000 	/System/Library/Frameworks/CoreServices.framework/Versions/A/Frameworks/DictionaryServices.framework/Versions/A/DictionaryServices
0x00000001b1d79000 	/System/Library/Frameworks/CoreServices.framework/Versions/A/Frameworks/SharedFileList.framework/Versions/A/SharedFileList
0x00000001b4a1e000 	/usr/lib/libCheckFix.dylib
0x00000001af9ca000 	/System/Library/PrivateFrameworks/TCC.framework/Versions/A/TCC
0x00000001b3ec2000 	/System/Library/PrivateFrameworks/CoreNLP.framework/Versions/A/CoreNLP
0x00000001b12fc000 	/System/Library/PrivateFrameworks/MetadataUtilities.framework/Versions/A/MetadataUtilities
0x00000001ab52d000 	/usr/lib/libmecabra.dylib
0x00000001b4a57000 	/usr/lib/libmecab.dylib
0x00000001ab4f9000 	/usr/lib/libCRFSuite.dylib
0x00000001b4ab4000 	/usr/lib/libgermantok.dylib
0x00000001b55de000 	/usr/lib/libThaiTokenizer.dylib
0x00000001b13f5000 	/System/Library/Frameworks/Accelerate.framework/Versions/A/Frameworks/vImage.framework/Versions/A/vImage
0x00000001bb7ed000 	/System/Library/Frameworks/Accelerate.framework/Versions/A/Frameworks/vecLib.framework/Versions/A/vecLib
0x00000001b5ceb000 	/System/Library/Frameworks/Accelerate.framework/Versions/A/Frameworks/vecLib.framework/Versions/A/libvMisc.dylib
0x00000001b4567000 	/System/Library/Frameworks/Accelerate.framework/Versions/A/Frameworks/vecLib.framework/Versions/A/libvDSP.dylib
0x00000001ab14e000 	/System/Library/Frameworks/Accelerate.framework/Versions/A/Frameworks/vecLib.framework/Versions/A/libBLAS.dylib
0x00000001b5708000 	/System/Library/Frameworks/Accelerate.framework/Versions/A/Frameworks/vecLib.framework/Versions/A/libLAPACK.dylib
0x00000001b4ab7000 	/System/Library/Frameworks/Accelerate.framework/Versions/A/Frameworks/vecLib.framework/Versions/A/libLinearAlgebra.dylib
0x00000001b561d000 	/System/Library/Frameworks/Accelerate.framework/Versions/A/Frameworks/vecLib.framework/Versions/A/libSparseBLAS.dylib
0x00000001b5703000 	/System/Library/Frameworks/Accelerate.framework/Versions/A/Frameworks/vecLib.framework/Versions/A/libQuadrature.dylib
0x00000001b3fbb000 	/System/Library/Frameworks/Accelerate.framework/Versions/A/Frameworks/vecLib.framework/Versions/A/libBNNS.dylib
0x00000001ab40c000 	/System/Library/Frameworks/Accelerate.framework/Versions/A/Frameworks/vecLib.framework/Versions/A/libSparse.dylib
0x00000001b3fb3000 	/System/Library/PrivateFrameworks/LinguisticData.framework/Versions/A/LinguisticData
0x00000001ab3c4000 	/System/Library/PrivateFrameworks/Lexicon.framework/Versions/A/Lexicon
0x00000001b5ce3000 	/usr/lib/libChineseTokenizer.dylib
0x00000001abb72000 	/System/Library/PrivateFrameworks/LanguageModeling.framework/Versions/A/LanguageModeling
0x00000001b55e0000 	/System/Library/PrivateFrameworks/AppleSauce.framework/Versions/A/AppleSauce
0x00000001b464d000 	/System/Library/PrivateFrameworks/CoreEmoji.framework/Versions/A/CoreEmoji
0x00000001b54ce000 	/usr/lib/libcmph.dylib
0x00000001b1d4c000 	/System/Library/Frameworks/OpenDirectory.framework/Versions/A/Frameworks/CFOpenDirectory.framework/Versions/A/CFOpenDirectory
0x00000001b1d3c000 	/System/Library/Frameworks/OpenDirectory.framework/Versions/A/OpenDirectory
0x00000001b5c3f000 	/System/Library/PrivateFrameworks/APFS.framework/Versions/A/APFS
0x00000001b496e000 	/System/Library/Frameworks/SecurityFoundation.framework/Versions/A/SecurityFoundation
0x00000001b5cb5000 	/usr/lib/libutil.dylib
0x00000001ad2af000 	/System/Library/PrivateFrameworks/CoreServicesStore.framework/Versions/A/CoreServicesStore
0x00000001b5cb9000 	/usr/lib/libxslt.1.dylib
0x00000001b4a02000 	/System/Library/PrivateFrameworks/BackgroundTaskManagement.framework/Versions/A/BackgroundTaskManagement
0x00000001b6f55000 	/System/Library/Frameworks/ImageIO.framework/Versions/A/Resources/libRadiance.dylib
0x00000001b6f5e000 	/System/Library/Frameworks/ImageIO.framework/Versions/A/Resources/libJPEG.dylib
0x00000001b6eb1000 	/System/Library/Frameworks/ImageIO.framework/Versions/A/Resources/libPng.dylib
0x00000001b6ed3000 	/System/Library/Frameworks/ImageIO.framework/Versions/A/Resources/libTIFF.dylib
0x00000001b6fb9000 	/System/Library/Frameworks/ImageIO.framework/Versions/A/Resources/libGIF.dylib
0x00000001b68e9000 	/System/Library/Frameworks/ImageIO.framework/Versions/A/Resources/libJP2.dylib
0x00000001b600b000 	/usr/lib/libexpat.1.dylib
0x00000001b68a4000 	/System/Library/PrivateFrameworks/AppleJPEG.framework/Versions/A/AppleJPEG
0x00000001b33c8000 	/System/Library/PrivateFrameworks/FontServices.framework/libFontParser.dylib
0x00000001b1040000 	/System/Library/PrivateFrameworks/RunningBoardServices.framework/Versions/A/RunningBoardServices
0x00000001c18f2000 	/System/Library/PrivateFrameworks/IOSurfaceAccelerator.framework/Versions/A/IOSurfaceAccelerator
0x00000001b69d5000 	/System/Library/PrivateFrameworks/WatchdogClient.framework/Versions/A/WatchdogClient
0x00000001abc72000 	/System/Library/Frameworks/CoreDisplay.framework/Versions/A/CoreDisplay
0x00000001b32b2000 	/System/Library/Frameworks/CoreMedia.framework/Versions/A/CoreMedia
0x00000001b313d000 	/System/Library/PrivateFrameworks/IOAccelerator.framework/Versions/A/IOAccelerator
0x00000001b1edc000 	/System/Library/Frameworks/CoreVideo.framework/Versions/A/CoreVideo
0x00000001b5630000 	/System/Library/Frameworks/MetalPerformanceShaders.framework/Versions/A/MetalPerformanceShaders
0x00000001b6a14000 	/System/Library/Frameworks/VideoToolbox.framework/Versions/A/VideoToolbox
0x00000001b0f84000 	/System/Library/PrivateFrameworks/BaseBoard.framework/Versions/A/BaseBoard
0x00000001b0d12000 	/System/Library/PrivateFrameworks/ProtocolBuffer.framework/Versions/A/ProtocolBuffer
0x00000001b6f50000 	/System/Library/PrivateFrameworks/GPUWrangler.framework/Versions/A/GPUWrangler
0x00000001b6f30000 	/System/Library/PrivateFrameworks/IOPresentment.framework/Versions/A/IOPresentment
0x00000001b6f58000 	/System/Library/PrivateFrameworks/DSExternalDisplay.framework/Versions/A/DSExternalDisplay
0x000000020bfa2000 	/System/Library/Frameworks/OpenGL.framework/Versions/A/Libraries/libCoreFSCache.dylib
0x0000000216e6c000 	/System/Library/PrivateFrameworks/GPUCompiler.framework/Versions/31001/Libraries/libGPUCompilerUtils.dylib
0x00000001b6fbe000 	/System/Library/PrivateFrameworks/CMCaptureCore.framework/Versions/A/CMCaptureCore
0x00000001b65bc000 	/System/Library/PrivateFrameworks/AppServerSupport.framework/Versions/A/AppServerSupport
0x00000001b8844000 	/System/Library/PrivateFrameworks/perfdata.framework/Versions/A/perfdata
0x00000001abd92000 	/System/Library/PrivateFrameworks/AudioToolboxCore.framework/Versions/A/AudioToolboxCore
0x00000001b328b000 	/System/Library/PrivateFrameworks/caulk.framework/Versions/A/caulk
0x00000001b8139000 	/usr/lib/libAudioStatistics.dylib
0x00000001ca157000 	/System/Library/PrivateFrameworks/SystemPolicy.framework/Versions/A/SystemPolicy
0x00000001b83a5000 	/usr/lib/libSMC.dylib
0x00000001c10f9000 	/System/Library/Frameworks/CoreMIDI.framework/Versions/A/CoreMIDI
0x00000001b6e7f000 	/usr/lib/libAudioToolboxUtility.dylib
0x00000001c62ba000 	/System/Library/PrivateFrameworks/OSAServicesClient.framework/Versions/A/OSAServicesClient
0x00000001b8851000 	/usr/lib/libperfcheck.dylib
0x00000001cac76000 	/usr/lib/libmis.dylib
0x000000020c004000 	/System/Library/Frameworks/OpenGL.framework/Versions/A/Libraries/libGLU.dylib
0x000000020bfc3000 	/System/Library/Frameworks/OpenGL.framework/Versions/A/Libraries/libGFXShared.dylib
0x000000020c1b0000 	/System/Library/Frameworks/OpenGL.framework/Versions/A/Libraries/libGL.dylib
0x000000020bfcc000 	/System/Library/Frameworks/OpenGL.framework/Versions/A/Libraries/libGLImage.dylib
0x000000020bfc0000 	/System/Library/Frameworks/OpenGL.framework/Versions/A/Libraries/libCVMSPluginSupport.dylib
0x000000020bfa9000 	/System/Library/Frameworks/OpenGL.framework/Versions/A/Libraries/libCoreVMClient.dylib
0x00000001b3e3c000 	/System/Library/Frameworks/MetalPerformanceShaders.framework/Versions/A/Frameworks/MPSCore.framework/Versions/A/MPSCore
0x00000001b4fdd000 	/System/Library/Frameworks/MetalPerformanceShaders.framework/Versions/A/Frameworks/MPSImage.framework/Versions/A/MPSImage
0x00000001b4acc000 	/System/Library/Frameworks/MetalPerformanceShaders.framework/Versions/A/Frameworks/MPSNeuralNetwork.framework/Versions/A/MPSNeuralNetwork
0x00000001b4f05000 	/System/Library/Frameworks/MetalPerformanceShaders.framework/Versions/A/Frameworks/MPSMatrix.framework/Versions/A/MPSMatrix
0x00000001b4cde000 	/System/Library/Frameworks/MetalPerformanceShaders.framework/Versions/A/Frameworks/MPSRayIntersector.framework/Versions/A/MPSRayIntersector
0x00000001b4f36000 	/System/Library/Frameworks/MetalPerformanceShaders.framework/Versions/A/Frameworks/MPSNDArray.framework/Versions/A/MPSNDArray
0x000000020eaab000 	/System/Library/Frameworks/MetalPerformanceShaders.framework/Versions/A/Frameworks/MPSFunctions.framework/Versions/A/MPSFunctions
0x00000001ab024000 	/System/Library/PrivateFrameworks/MetalTools.framework/Versions/A/MetalTools
0x00000001b3eba000 	/System/Library/PrivateFrameworks/AggregateDictionary.framework/Versions/A/AggregateDictionary
0x00000001b5df0000 	/usr/lib/libIOReport.dylib
0x00000001c0112000 	/System/Library/PrivateFrameworks/ASEProcessing.framework/Versions/A/ASEProcessing
0x00000001b6165000 	/System/Library/PrivateFrameworks/FaceCore.framework/Versions/A/FaceCore
0x00000001b6157000 	/System/Library/PrivateFrameworks/GraphVisualizer.framework/Versions/A/GraphVisualizer
0x0000000216d83000 	/System/Library/PrivateFrameworks/FontServices.framework/Versions/A/FontServices
0x00000001b6578000 	/System/Library/PrivateFrameworks/OTSVG.framework/Versions/A/OTSVG
0x00000001b1aa5000 	/System/Library/Frameworks/ApplicationServices.framework/Versions/A/Frameworks/ATS.framework/Versions/A/Resources/libFontRegistry.dylib
0x00000001b65c5000 	/System/Library/PrivateFrameworks/FontServices.framework/libhvf.dylib
0x0000000216d84000 	/System/Library/PrivateFrameworks/FontServices.framework/libXTFontStaticRegistryData.dylib
0x000000020c351000 	/System/Library/Frameworks/OpenCL.framework/Versions/A/OpenCL
0x00000001b5fbf000 	/System/Library/PrivateFrameworks/AppleVA.framework/Versions/A/AppleVA
0x00000001b8161000 	/System/Library/Frameworks/ApplicationServices.framework/Versions/A/Frameworks/ATS.framework/Versions/A/ATS
0x00000001b04cf000 	/System/Library/Frameworks/ApplicationServices.framework/Versions/A/Frameworks/HIServices.framework/Versions/A/HIServices
0x00000001b6fc8000 	/System/Library/Frameworks/ApplicationServices.framework/Versions/A/Frameworks/PrintCore.framework/Versions/A/PrintCore
0x00000001b84f8000 	/System/Library/Frameworks/ApplicationServices.framework/Versions/A/Frameworks/QD.framework/Versions/A/QD
0x00000001b84f0000 	/System/Library/Frameworks/ApplicationServices.framework/Versions/A/Frameworks/ColorSyncLegacy.framework/Versions/A/ColorSyncLegacy
0x00000001b814d000 	/System/Library/Frameworks/ApplicationServices.framework/Versions/A/Frameworks/SpeechSynthesis.framework/Versions/A/SpeechSynthesis
0x00000001b6f89000 	/System/Library/Frameworks/ApplicationServices.framework/Versions/A/Frameworks/ATSUI.framework/Versions/A/ATSUI
0x00000001b8485000 	/usr/lib/libcups.2.dylib
0x00000001b885f000 	/System/Library/Frameworks/Kerberos.framework/Versions/A/Kerberos
0x00000001b8870000 	/System/Library/Frameworks/GSS.framework/Versions/A/GSS
0x00000001b81d1000 	/usr/lib/libresolv.9.dylib
0x00000001b65d4000 	/System/Library/PrivateFrameworks/Heimdal.framework/Versions/A/Heimdal
0x00000001bf348000 	/System/Library/Frameworks/Kerberos.framework/Versions/A/Libraries/libHeimdalProxy.dylib
0x00000001b111f000 	/System/Library/Frameworks/Network.framework/Versions/A/Network
0x00000001b6026000 	/usr/lib/libheimdal-asn1.dylib
0x00000001b88c0000 	/System/Library/PrivateFrameworks/CommonAuth.framework/Versions/A/CommonAuth
0x00000001b80c7000 	/System/Library/PrivateFrameworks/AudioSession.framework/Versions/A/AudioSession
0x00000001b60b8000 	/System/Library/PrivateFrameworks/MediaExperience.framework/Versions/A/MediaExperience
0x00000001b7f4c000 	/System/Library/PrivateFrameworks/AudioSession.framework/libSessionUtility.dylib
0x00000001b8504000 	/System/Library/PrivateFrameworks/AudioResourceArbitration.framework/Versions/A/AudioResourceArbitration
0x00000001bc6ca000 	/System/Library/PrivateFrameworks/PowerLog.framework/Versions/A/PowerLog
0x00000001b6030000 	/System/Library/PrivateFrameworks/IconFoundation.framework/Versions/A/IconFoundation
0x00000001bb413000 	/System/Library/PrivateFrameworks/SpeechRecognitionCore.framework/Versions/A/SpeechRecognitionCore
0x00000001ea197000 	/System/Library/CoreServices/Encodings/libLatin5Converter.dylib
0x0000000103fa4000 	/Users/hburaks/Library/Java/JavaVirtualMachines/corretto-17.0.8/Contents/Home/lib/server/libjvm.dylib
0x0000000102dd0000 	/Users/hburaks/Library/Java/JavaVirtualMachines/corretto-17.0.8/Contents/Home/lib/libjimage.dylib
0x0000000102e00000 	/Users/hburaks/Library/Java/JavaVirtualMachines/corretto-17.0.8/Contents/Home/lib/libinstrument.dylib
0x0000000102e50000 	/Users/hburaks/Library/Java/JavaVirtualMachines/corretto-17.0.8/Contents/Home/lib/libjava.dylib
0x00000001030a4000 	/private/var/folders/9h/tz4vxb3s5v92p1j9wvvyx3mw0000gn/T/libasyncProfiler.dylib
0x0000000103058000 	/Users/hburaks/Library/Java/JavaVirtualMachines/corretto-17.0.8/Contents/Home/lib/libzip.dylib
0x0000000103080000 	/Users/hburaks/Library/Java/JavaVirtualMachines/corretto-17.0.8/Contents/Home/lib/libnio.dylib
0x0000000103f34000 	/Users/hburaks/Library/Java/JavaVirtualMachines/corretto-17.0.8/Contents/Home/lib/libnet.dylib
0x0000000102e34000 	/Users/hburaks/Library/Java/JavaVirtualMachines/corretto-17.0.8/Contents/Home/lib/libextnet.dylib


VM Arguments:
jvm_args: -XX:TieredStopAtLevel=1 -Dspring.output.ansi.enabled=always -Dcom.sun.management.jmxremote -Dspring.jmx.enabled=true -Dspring.liveBeansView.mbeanDomain -Dspring.application.admin.enabled=true -Dmanagement.endpoints.jmx.exposure.include=* -javaagent:/Applications/IntelliJ IDEA.app/Contents/lib/idea_rt.jar=50678:/Applications/IntelliJ IDEA.app/Contents/bin -agentpath:/private/var/folders/9h/tz4vxb3s5v92p1j9wvvyx3mw0000gn/T/libasyncProfiler.dylib=start,jfr,event=wall,interval=10ms,jfrsync=profile,cstack=no,file=/Users/hburaks/IdeaSnapshots/RentACarBackendApplication_2023_08_20_020358.jfr,log=/private/var/folders/9h/tz4vxb3s5v92p1j9wvvyx3mw0000gn/T/RentACarBackendApplication_2023_08_20_020358.jfr.log.txt,logLevel=DEBUG -Dfile.encoding=UTF-8 
java_command: com.gelecegimall.rentacarbackend.RentACarBackendApplication
java_class_path (initial): /Users/hburaks/Desktop/Dev/repos/rent-a-car/rent-a-car-backend/target/classes:/Users/hburaks/.m2/repository/org/springframework/boot/spring-boot-starter-data-jpa/3.1.2/spring-boot-starter-data-jpa-3.1.2.jar:/Users/hburaks/.m2/repository/org/springframework/boot/spring-boot-starter-aop/3.1.2/spring-boot-starter-aop-3.1.2.jar:/Users/hburaks/.m2/repository/org/springframework/spring-aop/6.0.11/spring-aop-6.0.11.jar:/Users/hburaks/.m2/repository/org/aspectj/aspectjweaver/1.9.19/aspectjweaver-1.9.19.jar:/Users/hburaks/.m2/repository/org/springframework/boot/spring-boot-starter-jdbc/3.1.2/spring-boot-starter-jdbc-3.1.2.jar:/Users/hburaks/.m2/repository/com/zaxxer/HikariCP/5.0.1/HikariCP-5.0.1.jar:/Users/hburaks/.m2/repository/org/springframework/spring-jdbc/6.0.11/spring-jdbc-6.0.11.jar:/Users/hburaks/.m2/repository/org/hibernate/orm/hibernate-core/6.2.6.Final/hibernate-core-6.2.6.Final.jar:/Users/hburaks/.m2/repository/jakarta/persistence/jakarta.persistence-api/3.1.0/jakarta.persistence-api-3.1.0.jar:/Users/hburaks/.m2/repository/jakarta/transaction/jakarta.transaction-api/2.0.1/jakarta.transaction-api-2.0.1.jar:/Users/hburaks/.m2/repository/org/jboss/logging/jboss-logging/3.5.3.Final/jboss-logging-3.5.3.Final.jar:/Users/hburaks/.m2/repository/org/hibernate/common/hibernate-commons-annotations/6.0.6.Final/hibernate-commons-annotations-6.0.6.Final.jar:/Users/hburaks/.m2/repository/io/smallrye/jandex/3.0.5/jandex-3.0.5.jar:/Users/hburaks/.m2/repository/com/fasterxml/classmate/1.5.1/classmate-1.5.1.jar:/Users/hburaks/.m2/repository/net/bytebuddy/byte-buddy/1.14.5/byte-buddy-1.14.5.jar:/Users/hburaks/.m2/repository/org/glassfish/jaxb/jaxb-runtime/4.0.3/jaxb-runtime-4.0.3.jar:/Users/hburaks/.m2/repository/org/glassfish/jaxb/jaxb-core/4.0.3/jaxb-core-4.0.3.jar:/Users/hburaks/.m2/repository/org/eclipse/angus/angus-activation/2.0.1/angus-activation-2.0.1.jar:/Users/hburaks/.m2/repository/org/glassfish/jaxb/txw2/4.0.3/txw2-4.0.3.jar:/Users/hburaks/.m
Launcher Type: SUN_STANDARD

[Global flags]
     intx CICompilerCount                          = 4                                         {product} {ergonomic}
     uint ConcGCThreads                            = 2                                         {product} {ergonomic}
     bool FlightRecorder                           = true                                      {product} {management}
     uint G1ConcRefinementThreads                  = 8                                         {product} {ergonomic}
   size_t G1HeapRegionSize                         = 1048576                                   {product} {ergonomic}
    uintx GCDrainStackTargetSize                   = 64                                        {product} {ergonomic}
   size_t InitialHeapSize                          = 134217728                                 {product} {ergonomic}
     bool ManagementServer                         = true                                      {product} {command line}
   size_t MarkStackSize                            = 4194304                                   {product} {ergonomic}
   size_t MaxHeapSize                              = 2147483648                                {product} {ergonomic}
   size_t MaxNewSize                               = 1287651328                                {product} {ergonomic}
   size_t MinHeapDeltaBytes                        = 1048576                                   {product} {ergonomic}
   size_t MinHeapSize                              = 8388608                                   {product} {ergonomic}
    uintx NonProfiledCodeHeapSize                  = 0                                      {pd product} {ergonomic}
     bool ProfileInterpreter                       = false                                  {pd product} {command line}
    uintx ProfiledCodeHeapSize                     = 0                                      {pd product} {ergonomic}
   size_t SoftMaxHeapSize                          = 2147483648                             {manageable} {ergonomic}
     intx TieredStopAtLevel                        = 1                                         {product} {command line}
     bool UseCompressedClassPointers               = true                           {product lp64_product} {ergonomic}
     bool UseCompressedOops                        = true                           {product lp64_product} {ergonomic}
     bool UseG1GC                                  = true                                      {product} {ergonomic}
     bool UseNUMA                                  = false                                     {product} {ergonomic}
     bool UseNUMAInterleaving                      = false                                     {product} {ergonomic}

Logging:
Log output configuration:
 #0: stdout all=warning,jni+resolve=error uptime,level,tags (reconfigured)
 #1: stderr all=off uptime,level,tags

Environment Variables:
PATH=/Library/Frameworks/Python.framework/Versions/3.11/bin:/opt/local/bin:/opt/local/sbin:/usr/local/bin:/usr/bin:/bin:/usr/sbin:/sbin:/Applications/Postgres.app/Contents/Versions/latest/bin
SHELL=/bin/zsh
LC_CTYPE=tr_TR.UTF-8
TMPDIR=/var/folders/9h/tz4vxb3s5v92p1j9wvvyx3mw0000gn/T/

Active Locale:
LC_ALL=C/tr_TR.UTF-8/C/C/C/C
LC_COLLATE=C
LC_CTYPE=tr_TR.UTF-8
LC_MESSAGES=C
LC_MONETARY=C
LC_NUMERIC=C
LC_TIME=C

Signal Handlers:
   SIGSEGV: _ZL13crash_handleriP9__siginfoPv in libjvm.dylib, mask=11100110000111110111111111111111, flags=SA_RESTART|SA_SIGINFO, unblocked
    SIGBUS: _ZL13crash_handleriP9__siginfoPv in libjvm.dylib, mask=11100110000111110111111111111111, flags=SA_RESTART|SA_SIGINFO, unblocked
    SIGFPE: _ZL13crash_handleriP9__siginfoPv in libjvm.dylib, mask=11100110000111110111111111111111, flags=SA_RESTART|SA_SIGINFO, unblocked
   SIGPIPE: _ZL17javaSignalHandleriP9__siginfoPv in libjvm.dylib, mask=11100110000111110111111111111111, flags=SA_RESTART|SA_SIGINFO, blocked
   SIGXFSZ: _ZL17javaSignalHandleriP9__siginfoPv in libjvm.dylib, mask=11100110000111110111111111111111, flags=SA_RESTART|SA_SIGINFO, blocked
    SIGILL: _ZL13crash_handleriP9__siginfoPv in libjvm.dylib, mask=11100110000111110111111111111111, flags=SA_RESTART|SA_SIGINFO, unblocked
   SIGUSR2: _ZL10SR_handleriP9__siginfoP17__darwin_ucontext in libjvm.dylib, mask=00100000000000000000000000000000, flags=SA_RESTART|SA_SIGINFO, blocked
    SIGHUP: _ZL11UserHandleriPvS_ in libjvm.dylib, mask=11100110000111110111111111111111, flags=SA_RESTART|SA_SIGINFO, blocked
    SIGINT: _ZL11UserHandleriPvS_ in libjvm.dylib, mask=11100110000111110111111111111111, flags=SA_RESTART|SA_SIGINFO, blocked
   SIGTERM: _ZL11UserHandleriPvS_ in libjvm.dylib, mask=11100110000111110111111111111111, flags=SA_RESTART|SA_SIGINFO, blocked
   SIGQUIT: _ZL11UserHandleriPvS_ in libjvm.dylib, mask=11100110000111110111111111111111, flags=SA_RESTART|SA_SIGINFO, blocked
   SIGTRAP: _ZL13crash_handleriP9__siginfoPv in libjvm.dylib, mask=11100110000111110111111111111111, flags=SA_RESTART|SA_SIGINFO, unblocked


---------------  S Y S T E M  ---------------

OS:
uname: Darwin 21.6.0 Darwin Kernel Version 21.6.0: Wed Aug 10 14:28:25 PDT 2022; root:xnu-8020.141.5~2/RELEASE_ARM64_T8110 arm64
OS uptime: 12 days 19:06 hours
rlimit (soft/hard): STACK 8176k/65520k , CORE 0k/infinity , NPROC 1333/2000 , NOFILE 10240/infinity , AS infinity/infinity , CPU infinity/infinity , DATA infinity/infinity , FSIZE infinity/infinity , MEMLOCK infinity/infinity , RSS infinity/infinity
load average: 1.93 1.96 2.02

CPU: total 8 (initial active 8) 0x61:0x0:0xda33d83d:0, fp, simd, crc, lse
machdep.cpu.brand_string:Apple M2
hw.cachelinesize:128
hw.l1icachesize:131072
hw.l1dcachesize:65536
hw.l2cachesize:4194304

Memory: 16k page, physical 8388608k(120848k free), swap 6291456k(1626880k free)

vm_info: OpenJDK 64-Bit Server VM (17.0.8+7-LTS) for bsd-aarch64 JRE (17.0.8+7-LTS), built on Jul 10 2023 20:29:12 by "ec2user" with clang Apple LLVM 13.0.0 (clang-1300.0.29.30)

END.
